#
# There is insufficient memory for the Java Runtime Environment to continue.
# Native memory allocation (malloc) failed to allocate 1514416 bytes for Chunk::new
# Possible reasons:
#   The system is out of physical RAM or swap space
#   The process is running with CompressedOops enabled, and the Java Heap may be blocking the growth of the native heap
# Possible solutions:
#   Reduce memory load on the system
#   Increase physical memory or swap space
#   Check if swap backing store is full
#   Decrease Java heap size (-Xmx/-Xms)
#   Decrease number of Java threads
#   Decrease Java thread stack sizes (-Xss)
#   Set larger code cache with -XX:ReservedCodeCacheSize=
#   JVM is running with Unscaled Compressed Oops mode in which the Java heap is
#     placed in the first 4GB address space. The Java Heap base address is the
#     maximum limit for the native heap growth. Please use -XX:HeapBaseMinAddress
#     to set the Java Heap base and to place the Java Heap above 4GB virtual address.
# This output file may be truncated or incomplete.
#
#  Out of Memory Error (arena.cpp:184), pid=8376, tid=12228
#
# JRE version: Java(TM) SE Runtime Environment (18.0+36) (build 18+36-2087)
# Java VM: Java HotSpot(TM) 64-Bit Server VM (18+36-2087, mixed mode, sharing, tiered, compressed oops, compressed class ptrs, g1 gc, windows-amd64)
# No core dump will be written. Minidumps are not enabled by default on client versions of Windows
#

---------------  S U M M A R Y ------------

Command Line: -javaagent:C:\Program Files\JetBrains\IntelliJ IDEA Community Edition 2023.2.1\lib\idea_rt.jar=50705:C:\Program Files\JetBrains\IntelliJ IDEA Community Edition 2023.2.1\bin -Dfile.encoding=windows-1251 -Dsun.stdout.encoding=windows-1251 -Dsun.stderr.encoding=windows-1251 ru.istomin.lesson4.Lesson4Application

Host: Intel(R) Core(TM) i3-8130U CPU @ 2.20GHz, 4 cores, 7G,  Windows 10 , 64 bit Build 19041 (10.0.19041.3636)
Time: Sat Jun  1 16:58:25 2024  Windows 10 , 64 bit Build 19041 (10.0.19041.3636) elapsed time: 3.304363 seconds (0d 0h 0m 3s)

---------------  T H R E A D  ---------------

Current thread (0x00000280b9dee9a0):  JavaThread "C2 CompilerThread1" daemon [_thread_in_native, id=12228, stack(0x00000080c2d00000,0x00000080c2e00000)]


Current CompileTask:
C2:   3304 2681   !   4       jdk.internal.loader.BuiltinClassLoader::loadClassOrNull (143 bytes)

Stack: [0x00000080c2d00000,0x00000080c2e00000]
Native frames: (J=compiled Java code, j=interpreted, Vv=VM code, C=native code)
V  [jvm.dll+0x69804a]
V  [jvm.dll+0x7f308d]
V  [jvm.dll+0x7f499e]
V  [jvm.dll+0x7f5053]
V  [jvm.dll+0x25ca3f]
V  [jvm.dll+0xb8c2f]
V  [jvm.dll+0xb8fa5]
V  [jvm.dll+0x385a31]
V  [jvm.dll+0x34f811]
V  [jvm.dll+0x34ecaa]
V  [jvm.dll+0x22fc21]
V  [jvm.dll+0x22eff1]
V  [jvm.dll+0x1b9cfc]
V  [jvm.dll+0x23e8ca]
V  [jvm.dll+0x23cbac]
V  [jvm.dll+0x7a5781]
V  [jvm.dll+0x79fbba]
V  [jvm.dll+0x696ef5]
C  [ucrtbase.dll+0x21bb2]
C  [KERNEL32.DLL+0x17344]
C  [ntdll.dll+0x526b1]


---------------  P R O C E S S  ---------------

Threads class SMR info:
_java_thread_list=0x00000280ba550880, length=14, elements={
0x000002809740d640, 0x00000280b4cb3c00, 0x00000280b4cb5720, 0x00000280b4cd7d60,
0x00000280b4cd8610, 0x00000280b4cd8ec0, 0x00000280b4cd9770, 0x00000280b4cda350,
0x00000280b4cdac40, 0x00000280b4d55040, 0x00000280b4ca3660, 0x00000280b915e180,
0x00000280b915e640, 0x00000280b9dee9a0
}

Java Threads: ( => current thread )
  0x000002809740d640 JavaThread "main" [_thread_in_vm, id=6036, stack(0x00000080c1500000,0x00000080c1600000)]
  0x00000280b4cb3c00 JavaThread "Reference Handler" daemon [_thread_blocked, id=3016, stack(0x00000080c1c00000,0x00000080c1d00000)]
  0x00000280b4cb5720 JavaThread "Finalizer" daemon [_thread_blocked, id=4456, stack(0x00000080c1d00000,0x00000080c1e00000)]
  0x00000280b4cd7d60 JavaThread "Signal Dispatcher" daemon [_thread_blocked, id=11588, stack(0x00000080c1f00000,0x00000080c2000000)]
  0x00000280b4cd8610 JavaThread "Attach Listener" daemon [_thread_blocked, id=1808, stack(0x00000080c2000000,0x00000080c2100000)]
  0x00000280b4cd8ec0 JavaThread "Service Thread" daemon [_thread_blocked, id=12160, stack(0x00000080c2100000,0x00000080c2200000)]
  0x00000280b4cd9770 JavaThread "Monitor Deflation Thread" daemon [_thread_blocked, id=11584, stack(0x00000080c2200000,0x00000080c2300000)]
  0x00000280b4cda350 JavaThread "C2 CompilerThread0" daemon [_thread_in_vm, id=6124, stack(0x00000080c2300000,0x00000080c2400000)]
  0x00000280b4cdac40 JavaThread "C1 CompilerThread0" daemon [_thread_blocked, id=11800, stack(0x00000080c2400000,0x00000080c2500000)]
  0x00000280b4d55040 JavaThread "Sweeper thread" daemon [_thread_blocked, id=1456, stack(0x00000080c2500000,0x00000080c2600000)]
  0x00000280b4ca3660 JavaThread "Common-Cleaner" daemon [_thread_blocked, id=7300, stack(0x00000080c2600000,0x00000080c2700000)]
  0x00000280b915e180 JavaThread "Monitor Ctrl-Break" daemon [_thread_in_native, id=10668, stack(0x00000080c2700000,0x00000080c2800000)]
  0x00000280b915e640 JavaThread "Notification Thread" daemon [_thread_blocked, id=9852, stack(0x00000080c2800000,0x00000080c2900000)]
=>0x00000280b9dee9a0 JavaThread "C2 CompilerThread1" daemon [_thread_in_native, id=12228, stack(0x00000080c2d00000,0x00000080c2e00000)]

Other Threads:
  0x00000280b4cb0d40 VMThread "VM Thread" [stack: 0x00000080c1b00000,0x00000080c1c00000] [id=4272]
  0x00000280b9313cf0 WatcherThread "VM Periodic Task Thread" [stack: 0x00000080c2900000,0x00000080c2a00000] [id=10092]
  0x000002809746af90 WorkerThread "GC Thread#0" [stack: 0x00000080c1600000,0x00000080c1700000] [id=10172]
  0x00000280b94c2460 WorkerThread "GC Thread#1" [stack: 0x00000080c2a00000,0x00000080c2b00000] [id=8060]
  0x00000280b94c2700 WorkerThread "GC Thread#2" [stack: 0x00000080c2b00000,0x00000080c2c00000] [id=9988]
  0x00000280b94c29a0 WorkerThread "GC Thread#3" [stack: 0x00000080c2c00000,0x00000080c2d00000] [id=1600]
  0x000002809747da30 ConcurrentGCThread "G1 Main Marker" [stack: 0x00000080c1700000,0x00000080c1800000] [id=32]
  0x000002809747e330 WorkerThread "G1 Conc#0" [stack: 0x00000080c1800000,0x00000080c1900000] [id=3368]
  0x00000280974bb890 ConcurrentGCThread "G1 Refine#0" [stack: 0x00000080c1900000,0x00000080c1a00000] [id=9284]
  0x00000280974bc0b0 ConcurrentGCThread "G1 Service" [stack: 0x00000080c1a00000,0x00000080c1b00000] [id=3120]

Threads with active compile tasks:
C2 CompilerThread0     3347 2850   !   4       java.util.concurrent.ConcurrentHashMap::transfer (849 bytes)
C2 CompilerThread1     3347 2681   !   4       jdk.internal.loader.BuiltinClassLoader::loadClassOrNull (143 bytes)

VM state: not at safepoint (normal execution)

VM Mutex/Monitor currently owned by a thread: None

Heap address: 0x0000000081e00000, size: 2018 MB, Compressed Oops mode: 32-bit

CDS archive(s) mapped at: [0x0000000800000000-0x0000000800ba0000-0x0000000800ba0000), size 12189696, SharedBaseAddress: 0x0000000800000000, ArchiveRelocationMode: 0.
Compressed class space mapped at: 0x0000000800c00000-0x0000000840c00000, reserved size: 1073741824
Narrow klass base: 0x0000000800000000, Narrow klass shift: 0, Narrow klass range: 0x100000000

GC Precious Log:
 CardTable entry size: 512
 Card Set container configuration: InlinePtr #cards 5 size 8 Array Of Cards #cards 12 size 40 Howl #buckets 4 coarsen threshold 1843 Howl Bitmap #cards 512 size 80 coarsen threshold 460 Card regions per heap region 1 cards per card region 2048
 CPUs: 4 total, 4 available
 Memory: 8071M
 Large Page Support: Disabled
 NUMA Support: Disabled
 Compressed Oops: Enabled (32-bit)
 Heap Region Size: 1M
 Heap Min Capacity: 8M
 Heap Initial Capacity: 128M
 Heap Max Capacity: 2018M
 Pre-touch: Disabled
 Parallel Workers: 4
 Concurrent Workers: 1
 Concurrent Refinement Workers: 4
 Periodic GC: Disabled

Heap:
 garbage-first heap   total 131072K, used 37823K [0x0000000081e00000, 0x0000000100000000)
  region size 1024K, 35 young (35840K), 4 survivors (4096K)
 Metaspace       used 19605K, committed 20032K, reserved 1114112K
  class space    used 2372K, committed 2560K, reserved 1048576K

Heap Regions: E=young(eden), S=young(survivor), O=old, HS=humongous(starts), HC=humongous(continues), CS=collection set, F=free, OA=open archive, CA=closed archive, TAMS=top-at-mark-start (previous, next)
|   0|0x0000000081e00000, 0x0000000081f00000, 0x0000000081f00000|100%| O|  |TAMS 0x0000000081e00000, 0x0000000081e00000| Untracked 
|   1|0x0000000081f00000, 0x0000000082000000, 0x0000000082000000|100%| O|  |TAMS 0x0000000081f00000, 0x0000000081f00000| Untracked 
|   2|0x0000000082000000, 0x0000000082100000, 0x0000000082100000|100%| O|  |TAMS 0x0000000082000000, 0x0000000082000000| Untracked 
|   3|0x0000000082100000, 0x00000000821bf000, 0x0000000082200000| 74%| O|  |TAMS 0x0000000082100000, 0x0000000082100000| Untracked 
|   4|0x0000000082200000, 0x0000000082200000, 0x0000000082300000|  0%| F|  |TAMS 0x0000000082200000, 0x0000000082200000| Untracked 
|   5|0x0000000082300000, 0x0000000082300000, 0x0000000082400000|  0%| F|  |TAMS 0x0000000082300000, 0x0000000082300000| Untracked 
|   6|0x0000000082400000, 0x0000000082400000, 0x0000000082500000|  0%| F|  |TAMS 0x0000000082400000, 0x0000000082400000| Untracked 
|   7|0x0000000082500000, 0x0000000082500000, 0x0000000082600000|  0%| F|  |TAMS 0x0000000082500000, 0x0000000082500000| Untracked 
|   8|0x0000000082600000, 0x0000000082600000, 0x0000000082700000|  0%| F|  |TAMS 0x0000000082600000, 0x0000000082600000| Untracked 
|   9|0x0000000082700000, 0x0000000082700000, 0x0000000082800000|  0%| F|  |TAMS 0x0000000082700000, 0x0000000082700000| Untracked 
|  10|0x0000000082800000, 0x0000000082800000, 0x0000000082900000|  0%| F|  |TAMS 0x0000000082800000, 0x0000000082800000| Untracked 
|  11|0x0000000082900000, 0x0000000082900000, 0x0000000082a00000|  0%| F|  |TAMS 0x0000000082900000, 0x0000000082900000| Untracked 
|  12|0x0000000082a00000, 0x0000000082a00000, 0x0000000082b00000|  0%| F|  |TAMS 0x0000000082a00000, 0x0000000082a00000| Untracked 
|  13|0x0000000082b00000, 0x0000000082b00000, 0x0000000082c00000|  0%| F|  |TAMS 0x0000000082b00000, 0x0000000082b00000| Untracked 
|  14|0x0000000082c00000, 0x0000000082c00000, 0x0000000082d00000|  0%| F|  |TAMS 0x0000000082c00000, 0x0000000082c00000| Untracked 
|  15|0x0000000082d00000, 0x0000000082d00000, 0x0000000082e00000|  0%| F|  |TAMS 0x0000000082d00000, 0x0000000082d00000| Untracked 
|  16|0x0000000082e00000, 0x0000000082e00000, 0x0000000082f00000|  0%| F|  |TAMS 0x0000000082e00000, 0x0000000082e00000| Untracked 
|  17|0x0000000082f00000, 0x0000000082f00000, 0x0000000083000000|  0%| F|  |TAMS 0x0000000082f00000, 0x0000000082f00000| Untracked 
|  18|0x0000000083000000, 0x0000000083000000, 0x0000000083100000|  0%| F|  |TAMS 0x0000000083000000, 0x0000000083000000| Untracked 
|  19|0x0000000083100000, 0x0000000083100000, 0x0000000083200000|  0%| F|  |TAMS 0x0000000083100000, 0x0000000083100000| Untracked 
|  20|0x0000000083200000, 0x0000000083200000, 0x0000000083300000|  0%| F|  |TAMS 0x0000000083200000, 0x0000000083200000| Untracked 
|  21|0x0000000083300000, 0x0000000083300000, 0x0000000083400000|  0%| F|  |TAMS 0x0000000083300000, 0x0000000083300000| Untracked 
|  22|0x0000000083400000, 0x0000000083400000, 0x0000000083500000|  0%| F|  |TAMS 0x0000000083400000, 0x0000000083400000| Untracked 
|  23|0x0000000083500000, 0x0000000083500000, 0x0000000083600000|  0%| F|  |TAMS 0x0000000083500000, 0x0000000083500000| Untracked 
|  24|0x0000000083600000, 0x0000000083600000, 0x0000000083700000|  0%| F|  |TAMS 0x0000000083600000, 0x0000000083600000| Untracked 
|  25|0x0000000083700000, 0x0000000083700000, 0x0000000083800000|  0%| F|  |TAMS 0x0000000083700000, 0x0000000083700000| Untracked 
|  26|0x0000000083800000, 0x0000000083800000, 0x0000000083900000|  0%| F|  |TAMS 0x0000000083800000, 0x0000000083800000| Untracked 
|  27|0x0000000083900000, 0x0000000083900000, 0x0000000083a00000|  0%| F|  |TAMS 0x0000000083900000, 0x0000000083900000| Untracked 
|  28|0x0000000083a00000, 0x0000000083a00000, 0x0000000083b00000|  0%| F|  |TAMS 0x0000000083a00000, 0x0000000083a00000| Untracked 
|  29|0x0000000083b00000, 0x0000000083b00000, 0x0000000083c00000|  0%| F|  |TAMS 0x0000000083b00000, 0x0000000083b00000| Untracked 
|  30|0x0000000083c00000, 0x0000000083c00000, 0x0000000083d00000|  0%| F|  |TAMS 0x0000000083c00000, 0x0000000083c00000| Untracked 
|  31|0x0000000083d00000, 0x0000000083d00000, 0x0000000083e00000|  0%| F|  |TAMS 0x0000000083d00000, 0x0000000083d00000| Untracked 
|  32|0x0000000083e00000, 0x0000000083e00000, 0x0000000083f00000|  0%| F|  |TAMS 0x0000000083e00000, 0x0000000083e00000| Untracked 
|  33|0x0000000083f00000, 0x0000000083f00000, 0x0000000084000000|  0%| F|  |TAMS 0x0000000083f00000, 0x0000000083f00000| Untracked 
|  34|0x0000000084000000, 0x0000000084000000, 0x0000000084100000|  0%| F|  |TAMS 0x0000000084000000, 0x0000000084000000| Untracked 
|  35|0x0000000084100000, 0x0000000084100000, 0x0000000084200000|  0%| F|  |TAMS 0x0000000084100000, 0x0000000084100000| Untracked 
|  36|0x0000000084200000, 0x0000000084200000, 0x0000000084300000|  0%| F|  |TAMS 0x0000000084200000, 0x0000000084200000| Untracked 
|  37|0x0000000084300000, 0x0000000084300000, 0x0000000084400000|  0%| F|  |TAMS 0x0000000084300000, 0x0000000084300000| Untracked 
|  38|0x0000000084400000, 0x0000000084400000, 0x0000000084500000|  0%| F|  |TAMS 0x0000000084400000, 0x0000000084400000| Untracked 
|  39|0x0000000084500000, 0x0000000084500000, 0x0000000084600000|  0%| F|  |TAMS 0x0000000084500000, 0x0000000084500000| Untracked 
|  40|0x0000000084600000, 0x0000000084600000, 0x0000000084700000|  0%| F|  |TAMS 0x0000000084600000, 0x0000000084600000| Untracked 
|  41|0x0000000084700000, 0x0000000084700000, 0x0000000084800000|  0%| F|  |TAMS 0x0000000084700000, 0x0000000084700000| Untracked 
|  42|0x0000000084800000, 0x0000000084800000, 0x0000000084900000|  0%| F|  |TAMS 0x0000000084800000, 0x0000000084800000| Untracked 
|  43|0x0000000084900000, 0x0000000084900000, 0x0000000084a00000|  0%| F|  |TAMS 0x0000000084900000, 0x0000000084900000| Untracked 
|  44|0x0000000084a00000, 0x0000000084a00000, 0x0000000084b00000|  0%| F|  |TAMS 0x0000000084a00000, 0x0000000084a00000| Untracked 
|  45|0x0000000084b00000, 0x0000000084b00000, 0x0000000084c00000|  0%| F|  |TAMS 0x0000000084b00000, 0x0000000084b00000| Untracked 
|  46|0x0000000084c00000, 0x0000000084c00000, 0x0000000084d00000|  0%| F|  |TAMS 0x0000000084c00000, 0x0000000084c00000| Untracked 
|  47|0x0000000084d00000, 0x0000000084d00000, 0x0000000084e00000|  0%| F|  |TAMS 0x0000000084d00000, 0x0000000084d00000| Untracked 
|  48|0x0000000084e00000, 0x0000000084e00000, 0x0000000084f00000|  0%| F|  |TAMS 0x0000000084e00000, 0x0000000084e00000| Untracked 
|  49|0x0000000084f00000, 0x0000000084f00000, 0x0000000085000000|  0%| F|  |TAMS 0x0000000084f00000, 0x0000000084f00000| Untracked 
|  50|0x0000000085000000, 0x0000000085000000, 0x0000000085100000|  0%| F|  |TAMS 0x0000000085000000, 0x0000000085000000| Untracked 
|  51|0x0000000085100000, 0x0000000085100000, 0x0000000085200000|  0%| F|  |TAMS 0x0000000085100000, 0x0000000085100000| Untracked 
|  52|0x0000000085200000, 0x0000000085200000, 0x0000000085300000|  0%| F|  |TAMS 0x0000000085200000, 0x0000000085200000| Untracked 
|  53|0x0000000085300000, 0x0000000085300000, 0x0000000085400000|  0%| F|  |TAMS 0x0000000085300000, 0x0000000085300000| Untracked 
|  54|0x0000000085400000, 0x0000000085400000, 0x0000000085500000|  0%| F|  |TAMS 0x0000000085400000, 0x0000000085400000| Untracked 
|  55|0x0000000085500000, 0x0000000085500000, 0x0000000085600000|  0%| F|  |TAMS 0x0000000085500000, 0x0000000085500000| Untracked 
|  56|0x0000000085600000, 0x0000000085600000, 0x0000000085700000|  0%| F|  |TAMS 0x0000000085600000, 0x0000000085600000| Untracked 
|  57|0x0000000085700000, 0x0000000085700000, 0x0000000085800000|  0%| F|  |TAMS 0x0000000085700000, 0x0000000085700000| Untracked 
|  58|0x0000000085800000, 0x0000000085800000, 0x0000000085900000|  0%| F|  |TAMS 0x0000000085800000, 0x0000000085800000| Untracked 
|  59|0x0000000085900000, 0x0000000085900000, 0x0000000085a00000|  0%| F|  |TAMS 0x0000000085900000, 0x0000000085900000| Untracked 
|  60|0x0000000085a00000, 0x0000000085a00000, 0x0000000085b00000|  0%| F|  |TAMS 0x0000000085a00000, 0x0000000085a00000| Untracked 
|  61|0x0000000085b00000, 0x0000000085b00000, 0x0000000085c00000|  0%| F|  |TAMS 0x0000000085b00000, 0x0000000085b00000| Untracked 
|  62|0x0000000085c00000, 0x0000000085c00000, 0x0000000085d00000|  0%| F|  |TAMS 0x0000000085c00000, 0x0000000085c00000| Untracked 
|  63|0x0000000085d00000, 0x0000000085d00000, 0x0000000085e00000|  0%| F|  |TAMS 0x0000000085d00000, 0x0000000085d00000| Untracked 
|  64|0x0000000085e00000, 0x0000000085e00000, 0x0000000085f00000|  0%| F|  |TAMS 0x0000000085e00000, 0x0000000085e00000| Untracked 
|  65|0x0000000085f00000, 0x0000000085f00000, 0x0000000086000000|  0%| F|  |TAMS 0x0000000085f00000, 0x0000000085f00000| Untracked 
|  66|0x0000000086000000, 0x0000000086000000, 0x0000000086100000|  0%| F|  |TAMS 0x0000000086000000, 0x0000000086000000| Untracked 
|  67|0x0000000086100000, 0x0000000086100000, 0x0000000086200000|  0%| F|  |TAMS 0x0000000086100000, 0x0000000086100000| Untracked 
|  68|0x0000000086200000, 0x0000000086200000, 0x0000000086300000|  0%| F|  |TAMS 0x0000000086200000, 0x0000000086200000| Untracked 
|  69|0x0000000086300000, 0x0000000086300000, 0x0000000086400000|  0%| F|  |TAMS 0x0000000086300000, 0x0000000086300000| Untracked 
|  70|0x0000000086400000, 0x0000000086400000, 0x0000000086500000|  0%| F|  |TAMS 0x0000000086400000, 0x0000000086400000| Untracked 
|  71|0x0000000086500000, 0x0000000086500000, 0x0000000086600000|  0%| F|  |TAMS 0x0000000086500000, 0x0000000086500000| Untracked 
|  72|0x0000000086600000, 0x0000000086600000, 0x0000000086700000|  0%| F|  |TAMS 0x0000000086600000, 0x0000000086600000| Untracked 
|  73|0x0000000086700000, 0x0000000086700000, 0x0000000086800000|  0%| F|  |TAMS 0x0000000086700000, 0x0000000086700000| Untracked 
|  74|0x0000000086800000, 0x0000000086800000, 0x0000000086900000|  0%| F|  |TAMS 0x0000000086800000, 0x0000000086800000| Untracked 
|  75|0x0000000086900000, 0x0000000086900000, 0x0000000086a00000|  0%| F|  |TAMS 0x0000000086900000, 0x0000000086900000| Untracked 
|  76|0x0000000086a00000, 0x0000000086a00000, 0x0000000086b00000|  0%| F|  |TAMS 0x0000000086a00000, 0x0000000086a00000| Untracked 
|  77|0x0000000086b00000, 0x0000000086b00000, 0x0000000086c00000|  0%| F|  |TAMS 0x0000000086b00000, 0x0000000086b00000| Untracked 
|  78|0x0000000086c00000, 0x0000000086c00000, 0x0000000086d00000|  0%| F|  |TAMS 0x0000000086c00000, 0x0000000086c00000| Untracked 
|  79|0x0000000086d00000, 0x0000000086d00000, 0x0000000086e00000|  0%| F|  |TAMS 0x0000000086d00000, 0x0000000086d00000| Untracked 
|  80|0x0000000086e00000, 0x0000000086e00000, 0x0000000086f00000|  0%| F|  |TAMS 0x0000000086e00000, 0x0000000086e00000| Untracked 
|  81|0x0000000086f00000, 0x0000000086f00000, 0x0000000087000000|  0%| F|  |TAMS 0x0000000086f00000, 0x0000000086f00000| Untracked 
|  82|0x0000000087000000, 0x0000000087000000, 0x0000000087100000|  0%| F|  |TAMS 0x0000000087000000, 0x0000000087000000| Untracked 
|  83|0x0000000087100000, 0x0000000087100000, 0x0000000087200000|  0%| F|  |TAMS 0x0000000087100000, 0x0000000087100000| Untracked 
|  84|0x0000000087200000, 0x0000000087200000, 0x0000000087300000|  0%| F|  |TAMS 0x0000000087200000, 0x0000000087200000| Untracked 
|  85|0x0000000087300000, 0x0000000087300000, 0x0000000087400000|  0%| F|  |TAMS 0x0000000087300000, 0x0000000087300000| Untracked 
|  86|0x0000000087400000, 0x0000000087400000, 0x0000000087500000|  0%| F|  |TAMS 0x0000000087400000, 0x0000000087400000| Untracked 
|  87|0x0000000087500000, 0x0000000087500000, 0x0000000087600000|  0%| F|  |TAMS 0x0000000087500000, 0x0000000087500000| Untracked 
|  88|0x0000000087600000, 0x0000000087600000, 0x0000000087700000|  0%| F|  |TAMS 0x0000000087600000, 0x0000000087600000| Untracked 
|  89|0x0000000087700000, 0x0000000087700000, 0x0000000087800000|  0%| F|  |TAMS 0x0000000087700000, 0x0000000087700000| Untracked 
|  90|0x0000000087800000, 0x0000000087800000, 0x0000000087900000|  0%| F|  |TAMS 0x0000000087800000, 0x0000000087800000| Untracked 
|  91|0x0000000087900000, 0x0000000087900000, 0x0000000087a00000|  0%| F|  |TAMS 0x0000000087900000, 0x0000000087900000| Untracked 
|  92|0x0000000087a00000, 0x0000000087a00000, 0x0000000087b00000|  0%| F|  |TAMS 0x0000000087a00000, 0x0000000087a00000| Untracked 
|  93|0x0000000087b00000, 0x0000000087b5b378, 0x0000000087c00000| 35%| E|  |TAMS 0x0000000087b00000, 0x0000000087b00000| Complete 
|  94|0x0000000087c00000, 0x0000000087d00000, 0x0000000087d00000|100%| E|CS|TAMS 0x0000000087c00000, 0x0000000087c00000| Complete 
|  95|0x0000000087d00000, 0x0000000087e00000, 0x0000000087e00000|100%| E|CS|TAMS 0x0000000087d00000, 0x0000000087d00000| Complete 
|  96|0x0000000087e00000, 0x0000000087f00000, 0x0000000087f00000|100%| E|CS|TAMS 0x0000000087e00000, 0x0000000087e00000| Complete 
|  97|0x0000000087f00000, 0x0000000087f30d68, 0x0000000088000000| 19%| S|CS|TAMS 0x0000000087f00000, 0x0000000087f00000| Complete 
|  98|0x0000000088000000, 0x0000000088100000, 0x0000000088100000|100%| S|CS|TAMS 0x0000000088000000, 0x0000000088000000| Complete 
|  99|0x0000000088100000, 0x0000000088200000, 0x0000000088200000|100%| S|CS|TAMS 0x0000000088100000, 0x0000000088100000| Complete 
| 100|0x0000000088200000, 0x0000000088300000, 0x0000000088300000|100%| S|CS|TAMS 0x0000000088200000, 0x0000000088200000| Complete 
| 101|0x0000000088300000, 0x0000000088400000, 0x0000000088400000|100%| E|CS|TAMS 0x0000000088300000, 0x0000000088300000| Complete 
| 102|0x0000000088400000, 0x0000000088500000, 0x0000000088500000|100%| E|CS|TAMS 0x0000000088400000, 0x0000000088400000| Complete 
| 103|0x0000000088500000, 0x0000000088600000, 0x0000000088600000|100%| E|CS|TAMS 0x0000000088500000, 0x0000000088500000| Complete 
| 104|0x0000000088600000, 0x0000000088700000, 0x0000000088700000|100%| E|CS|TAMS 0x0000000088600000, 0x0000000088600000| Complete 
| 105|0x0000000088700000, 0x0000000088800000, 0x0000000088800000|100%| E|CS|TAMS 0x0000000088700000, 0x0000000088700000| Complete 
| 106|0x0000000088800000, 0x0000000088900000, 0x0000000088900000|100%| E|CS|TAMS 0x0000000088800000, 0x0000000088800000| Complete 
| 107|0x0000000088900000, 0x0000000088a00000, 0x0000000088a00000|100%| E|CS|TAMS 0x0000000088900000, 0x0000000088900000| Complete 
| 108|0x0000000088a00000, 0x0000000088b00000, 0x0000000088b00000|100%| E|CS|TAMS 0x0000000088a00000, 0x0000000088a00000| Complete 
| 109|0x0000000088b00000, 0x0000000088c00000, 0x0000000088c00000|100%| E|CS|TAMS 0x0000000088b00000, 0x0000000088b00000| Complete 
| 110|0x0000000088c00000, 0x0000000088d00000, 0x0000000088d00000|100%| E|CS|TAMS 0x0000000088c00000, 0x0000000088c00000| Complete 
| 111|0x0000000088d00000, 0x0000000088e00000, 0x0000000088e00000|100%| E|CS|TAMS 0x0000000088d00000, 0x0000000088d00000| Complete 
| 112|0x0000000088e00000, 0x0000000088f00000, 0x0000000088f00000|100%| E|CS|TAMS 0x0000000088e00000, 0x0000000088e00000| Complete 
| 113|0x0000000088f00000, 0x0000000089000000, 0x0000000089000000|100%| E|CS|TAMS 0x0000000088f00000, 0x0000000088f00000| Complete 
| 114|0x0000000089000000, 0x0000000089100000, 0x0000000089100000|100%| E|CS|TAMS 0x0000000089000000, 0x0000000089000000| Complete 
| 115|0x0000000089100000, 0x0000000089200000, 0x0000000089200000|100%| E|CS|TAMS 0x0000000089100000, 0x0000000089100000| Complete 
| 116|0x0000000089200000, 0x0000000089300000, 0x0000000089300000|100%| E|CS|TAMS 0x0000000089200000, 0x0000000089200000| Complete 
| 117|0x0000000089300000, 0x0000000089400000, 0x0000000089400000|100%| E|CS|TAMS 0x0000000089300000, 0x0000000089300000| Complete 
| 118|0x0000000089400000, 0x0000000089500000, 0x0000000089500000|100%| E|CS|TAMS 0x0000000089400000, 0x0000000089400000| Complete 
| 119|0x0000000089500000, 0x0000000089600000, 0x0000000089600000|100%| E|CS|TAMS 0x0000000089500000, 0x0000000089500000| Complete 
| 120|0x0000000089600000, 0x0000000089700000, 0x0000000089700000|100%| E|CS|TAMS 0x0000000089600000, 0x0000000089600000| Complete 
| 121|0x0000000089700000, 0x0000000089800000, 0x0000000089800000|100%| E|CS|TAMS 0x0000000089700000, 0x0000000089700000| Complete 
| 122|0x0000000089800000, 0x0000000089900000, 0x0000000089900000|100%| E|CS|TAMS 0x0000000089800000, 0x0000000089800000| Complete 
| 123|0x0000000089900000, 0x0000000089a00000, 0x0000000089a00000|100%| E|CS|TAMS 0x0000000089900000, 0x0000000089900000| Complete 
| 124|0x0000000089a00000, 0x0000000089b00000, 0x0000000089b00000|100%| E|CS|TAMS 0x0000000089a00000, 0x0000000089a00000| Complete 
| 125|0x0000000089b00000, 0x0000000089c00000, 0x0000000089c00000|100%| E|CS|TAMS 0x0000000089b00000, 0x0000000089b00000| Complete 
| 126|0x0000000089c00000, 0x0000000089d00000, 0x0000000089d00000|100%| E|CS|TAMS 0x0000000089c00000, 0x0000000089c00000| Complete 
| 127|0x0000000089d00000, 0x0000000089e00000, 0x0000000089e00000|100%| E|CS|TAMS 0x0000000089d00000, 0x0000000089d00000| Complete 

Card table byte_map: [0x00000280ae130000,0x00000280ae530000] _byte_map_base: 0x00000280add21000

Marking Bits (Prev, Next): (CMBitMap*) 0x000002809746d4c0, (CMBitMap*) 0x000002809746d500
 Prev Bits: [0x00000280ae930000, 0x00000280b08b8000)
 Next Bits: [0x00000280b08c0000, 0x00000280b2848000)

Polling page: 0x0000028095380000

Metaspace:

Usage:
  Non-class:     16.87 MB used.
      Class:      2.32 MB used.
       Both:     19.19 MB used.

Virtual space:
  Non-class space:       64.00 MB reserved,      17.06 MB ( 27%) committed,  1 nodes.
      Class space:        1.00 GB reserved,       2.50 MB ( <1%) committed,  1 nodes.
             Both:        1.06 GB reserved,      19.56 MB (  2%) committed. 

Chunk freelists:
   Non-Class:  2.33 MB
       Class:  1.50 MB
        Both:  3.82 MB

MaxMetaspaceSize: unlimited
CompressedClassSpaceSize: 1.00 GB
Initial GC threshold: 21.00 MB
Current GC threshold: 21.00 MB
CDS: on
MetaspaceReclaimPolicy: balanced
 - commit_granule_bytes: 65536.
 - commit_granule_words: 8192.
 - virtual_space_node_default_size: 8388608.
 - enlarge_chunks_in_place: 1.
 - new_chunks_are_fully_committed: 0.
 - uncommit_free_chunks: 1.
 - use_allocation_guard: 0.


Internal statistics:

num_allocs_failed_limit: 0.
num_arena_births: 388.
num_arena_deaths: 0.
num_vsnodes_births: 2.
num_vsnodes_deaths: 0.
num_space_committed: 313.
num_space_uncommitted: 0.
num_chunks_returned_to_freelist: 0.
num_chunks_taken_from_freelist: 1039.
num_chunk_merges: 0.
num_chunk_splits: 731.
num_chunks_enlarged: 552.
num_inconsistent_stats: 0.

CodeHeap 'non-profiled nmethods': size=120000Kb used=1167Kb max_used=1167Kb free=118832Kb
 bounds [0x00000280a6800000, 0x00000280a6a70000, 0x00000280add30000]
CodeHeap 'profiled nmethods': size=120000Kb used=5750Kb max_used=5750Kb free=114249Kb
 bounds [0x000002809f2d0000, 0x000002809f870000, 0x00000280a6800000]
CodeHeap 'non-nmethods': size=5760Kb used=1199Kb max_used=1251Kb free=4560Kb
 bounds [0x000002809ed30000, 0x000002809efa0000, 0x000002809f2d0000]
 total_blobs=3343 nmethods=2853 adapters=401
 compilation: enabled
              stopped_count=0, restarted_count=0
 full_count=0

Compilation events (20 events):
Event: 3.279 Thread 0x00000280b4cdac40 2819       3       java.lang.invoke.LambdaForm::<init> (115 bytes)
Event: 3.280 Thread 0x00000280b4cdac40 nmethod 2819 0x000002809f862990 code [0x000002809f862b80, 0x000002809f863228]
Event: 3.280 Thread 0x00000280b4cdac40 2820       3       java.lang.invoke.LambdaForm::fixResult (31 bytes)
Event: 3.280 Thread 0x00000280b4cdac40 nmethod 2820 0x000002809f863490 code [0x000002809f863640, 0x000002809f863838]
Event: 3.280 Thread 0x00000280b4cdac40 2822       3       java.lang.invoke.InvokerBytecodeGenerator::generateCustomizedCode (34 bytes)
Event: 3.280 Thread 0x00000280b4cdac40 nmethod 2822 0x000002809f863990 code [0x000002809f863b60, 0x000002809f863e18]
Event: 3.282 Thread 0x00000280b4cdac40 2828       3       java.lang.invoke.MemberName::getFactory (4 bytes)
Event: 3.282 Thread 0x00000280b4cdac40 nmethod 2828 0x000002809f863f10 code [0x000002809f8640a0, 0x000002809f864198]
Event: 3.282 Thread 0x00000280b4cdac40 2830       3       java.lang.invoke.MethodType::makeImpl (109 bytes)
Event: 3.283 Thread 0x00000280b4cdac40 nmethod 2830 0x000002809f864210 code [0x000002809f8644c0, 0x000002809f8652b8]
Event: 3.285 Thread 0x00000280b4cdac40 2833       3       java.lang.invoke.MethodHandleNatives::refKindIsGetter (32 bytes)
Event: 3.285 Thread 0x00000280b4cdac40 nmethod 2833 0x000002809f865710 code [0x000002809f8658a0, 0x000002809f8659f8]
Event: 3.285 Thread 0x00000280b4cdac40 2834       3       java.lang.invoke.BoundMethodHandle$SpeciesData::extendWith (62 bytes)
Event: 3.286 Thread 0x00000280b4cdac40 nmethod 2834 0x000002809f865a90 code [0x000002809f865d00, 0x000002809f866798]
Event: 3.286 Thread 0x00000280b4cdac40 2837       3       java.lang.reflect.Modifier::isFinal (13 bytes)
Event: 3.287 Thread 0x00000280b4cdac40 nmethod 2837 0x000002809f866b10 code [0x000002809f866ca0, 0x000002809f866df8]
Event: 3.287 Thread 0x00000280b4cdac40 2839       3       java.lang.invoke.LambdaFormEditor$TransformKey::<init> (15 bytes)
Event: 3.288 Thread 0x00000280b4cdac40 nmethod 2839 0x000002809f866e90 code [0x000002809f867020, 0x000002809f8671b8]
Event: 3.289 Thread 0x00000280b4cdac40 2840       1       java.lang.invoke.ClassSpecializer$SpeciesData::getterFunctions (5 bytes)
Event: 3.289 Thread 0x00000280b4cdac40 nmethod 2840 0x00000280a6919490 code [0x00000280a6919620, 0x00000280a69196f8]

GC Heap History (6 events):
Event: 0.892 GC heap before
{Heap before GC invocations=0 (full 0):
 garbage-first heap   total 131072K, used 12288K [0x0000000081e00000, 0x0000000100000000)
  region size 1024K, 13 young (13312K), 0 survivors (0K)
 Metaspace       used 4287K, committed 4480K, reserved 1114112K
  class space    used 466K, committed 576K, reserved 1048576K
}
Event: 0.896 GC heap after
{Heap after GC invocations=1 (full 0):
 garbage-first heap   total 131072K, used 3706K [0x0000000081e00000, 0x0000000100000000)
  region size 1024K, 2 young (2048K), 2 survivors (2048K)
 Metaspace       used 4287K, committed 4480K, reserved 1114112K
  class space    used 466K, committed 576K, reserved 1048576K
}
Event: 1.463 GC heap before
{Heap before GC invocations=1 (full 0):
 garbage-first heap   total 131072K, used 15994K [0x0000000081e00000, 0x0000000100000000)
  region size 1024K, 14 young (14336K), 2 survivors (2048K)
 Metaspace       used 7697K, committed 7936K, reserved 1114112K
  class space    used 899K, committed 960K, reserved 1048576K
}
Event: 1.467 GC heap after
{Heap after GC invocations=2 (full 0):
 garbage-first heap   total 131072K, used 5366K [0x0000000081e00000, 0x0000000100000000)
  region size 1024K, 2 young (2048K), 2 survivors (2048K)
 Metaspace       used 7697K, committed 7936K, reserved 1114112K
  class space    used 899K, committed 960K, reserved 1048576K
}
Event: 2.092 GC heap before
{Heap before GC invocations=2 (full 0):
 garbage-first heap   total 131072K, used 29942K [0x0000000081e00000, 0x0000000100000000)
  region size 1024K, 27 young (27648K), 2 survivors (2048K)
 Metaspace       used 14392K, committed 14656K, reserved 1114112K
  class space    used 1714K, committed 1856K, reserved 1048576K
}
Event: 2.096 GC heap after
{Heap after GC invocations=3 (full 0):
 garbage-first heap   total 131072K, used 7103K [0x0000000081e00000, 0x0000000100000000)
  region size 1024K, 4 young (4096K), 4 survivors (4096K)
 Metaspace       used 14392K, committed 14656K, reserved 1114112K
  class space    used 1714K, committed 1856K, reserved 1048576K
}

Deoptimization events (20 events):
Event: 2.868 Thread 0x000002809740d640 Uncommon trap: trap_request=0xffffffde fr.pc=0x00000280a68e93b0 relative=0x0000000000000470
Event: 2.868 Thread 0x000002809740d640 Uncommon trap: reason=class_check action=maybe_recompile pc=0x00000280a68e93b0 method=java.lang.String.equals(Ljava/lang/Object;)Z @ 8 c2
Event: 2.868 Thread 0x000002809740d640 DEOPT PACKING pc=0x00000280a68e93b0 sp=0x00000080c15fe590
Event: 2.868 Thread 0x000002809740d640 DEOPT UNPACKING pc=0x000002809ed823a3 sp=0x00000080c15fe458 mode 2
Event: 2.868 Thread 0x000002809740d640 Uncommon trap: trap_request=0xffffffde fr.pc=0x00000280a680b928 relative=0x00000000000001a8
Event: 2.868 Thread 0x000002809740d640 Uncommon trap: reason=class_check action=maybe_recompile pc=0x00000280a680b928 method=java.lang.String.equals(Ljava/lang/Object;)Z @ 8 c2
Event: 2.868 Thread 0x000002809740d640 DEOPT PACKING pc=0x00000280a680b928 sp=0x00000080c15fe4c0
Event: 2.868 Thread 0x000002809740d640 DEOPT UNPACKING pc=0x000002809ed823a3 sp=0x00000080c15fe458 mode 2
Event: 3.269 Thread 0x000002809740d640 Uncommon trap: trap_request=0xffffff45 fr.pc=0x00000280a6887734 relative=0x0000000000001b74
Event: 3.269 Thread 0x000002809740d640 Uncommon trap: reason=unstable_if action=reinterpret pc=0x00000280a6887734 method=jdk.internal.org.objectweb.asm.Frame.execute(IILjdk/internal/org/objectweb/asm/Symbol;Ljdk/internal/org/objectweb/asm/SymbolTable;)V @ 1 c2
Event: 3.269 Thread 0x000002809740d640 DEOPT PACKING pc=0x00000280a6887734 sp=0x00000080c15fcf70
Event: 3.269 Thread 0x000002809740d640 DEOPT UNPACKING pc=0x000002809ed823a3 sp=0x00000080c15fcf00 mode 2
Event: 3.273 Thread 0x000002809740d640 Uncommon trap: trap_request=0xffffff45 fr.pc=0x00000280a688a0e8 relative=0x0000000000000248
Event: 3.273 Thread 0x000002809740d640 Uncommon trap: reason=unstable_if action=reinterpret pc=0x00000280a688a0e8 method=jdk.internal.org.objectweb.asm.Frame.push(I)V @ 26 c2
Event: 3.273 Thread 0x000002809740d640 DEOPT PACKING pc=0x00000280a688a0e8 sp=0x00000080c15fcdc0
Event: 3.273 Thread 0x000002809740d640 DEOPT UNPACKING pc=0x000002809ed823a3 sp=0x00000080c15fcd78 mode 2
Event: 3.280 Thread 0x000002809740d640 Uncommon trap: trap_request=0xffffff45 fr.pc=0x00000280a68a65e8 relative=0x0000000000003ae8
Event: 3.280 Thread 0x000002809740d640 Uncommon trap: reason=unstable_if action=reinterpret pc=0x00000280a68a65e8 method=java.lang.invoke.MethodType.checkPtypes([Ljava/lang/Class;)I @ 47 c2
Event: 3.280 Thread 0x000002809740d640 DEOPT PACKING pc=0x00000280a68a65e8 sp=0x00000080c15fcd30
Event: 3.280 Thread 0x000002809740d640 DEOPT UNPACKING pc=0x000002809ed823a3 sp=0x00000080c15fcce0 mode 2

Classes loaded (20 events):
Event: 3.259 Loading class java/lang/runtime/ObjectMethods
Event: 3.264 Loading class java/lang/runtime/ObjectMethods done
Event: 3.265 Loading class java/lang/invoke/MethodHandleImpl$Makers
Event: 3.266 Loading class java/lang/invoke/MethodHandleImpl$Makers done
Event: 3.266 Loading class java/lang/invoke/MethodHandleImpl$Makers$1
Event: 3.266 Loading class java/lang/invoke/MethodHandleImpl$Makers$1 done
Event: 3.266 Loading class java/lang/invoke/MethodHandleImpl$Makers$2
Event: 3.266 Loading class java/lang/invoke/MethodHandleImpl$Makers$2 done
Event: 3.266 Loading class java/lang/invoke/MethodHandleImpl$Makers$3
Event: 3.266 Loading class java/lang/invoke/MethodHandleImpl$Makers$3 done
Event: 3.277 Loading class java/lang/runtime/ObjectMethods$1
Event: 3.278 Loading class java/lang/runtime/ObjectMethods$1 done
Event: 3.282 Loading class java/lang/invoke/DirectMethodHandle$1
Event: 3.282 Loading class java/lang/invoke/DirectMethodHandle$1 done
Event: 3.286 Loading class java/util/concurrent/FutureTask
Event: 3.286 Loading class java/util/concurrent/RunnableFuture
Event: 3.286 Loading class java/util/concurrent/RunnableFuture done
Event: 3.286 Loading class java/util/concurrent/FutureTask done
Event: 3.286 Loading class java/util/concurrent/FutureTask$WaitNode
Event: 3.286 Loading class java/util/concurrent/FutureTask$WaitNode done

Classes unloaded (0 events):
No events

Classes redefined (0 events):
No events

Internal exceptions (20 events):
Event: 2.152 Thread 0x00000280b9c154f0 Exception <a 'java/lang/NoSuchMethodError'{0x0000000089b99280}: 'long java.lang.invoke.DirectMethodHandle$Holder.invokeInterface(java.lang.Object, java.lang.Object)'> (0x0000000089b99280) 
thrown [t:\workspace\open\src\hotspot\share\interpreter\linkResolver.cpp, line 766]
Event: 2.152 Thread 0x00000280b9c154f0 Exception <a 'java/lang/IncompatibleClassChangeError'{0x0000000089b9c560}: Found class java.lang.Object, but interface was expected> (0x0000000089b9c560) 
thrown [t:\workspace\open\src\hotspot\share\interpreter\linkResolver.cpp, line 833]
Event: 2.162 Thread 0x00000280b9c154f0 Exception <a 'java/lang/NoSuchMethodError'{0x0000000089bb31d8}: 'java.lang.Object java.lang.invoke.DirectMethodHandle$Holder.invokeVirtual(java.lang.Object, java.lang.Object, java.lang.Object, java.lang.Object)'> (0x0000000089bb31d8) 
thrown [t:\workspace\open\src\hotspot\share\interpreter\linkResolver.cpp, line 766]
Event: 2.361 Thread 0x000002809740d640 Exception <a 'java/lang/IncompatibleClassChangeError'{0x000000008947b0b0}: Found class java.lang.Object, but interface was expected> (0x000000008947b0b0) 
thrown [t:\workspace\open\src\hotspot\share\interpreter\linkResolver.cpp, line 833]
Event: 3.264 Thread 0x000002809740d640 Exception <a 'java/lang/NoSuchMethodError'{0x0000000087d30d38}: 'java.lang.Object java.lang.invoke.DirectMethodHandle$Holder.invokeStaticInit(java.lang.Object, java.lang.Object, java.lang.Object, java.lang.Object, java.lang.Object, java.lang.Object, java.lang.Object)'> (0x0000000087d30d38) 
thrown [t:\workspace\open\src\hotspot\share\interpreter\linkResolver.cpp, line 766]
Event: 3.267 Thread 0x000002809740d640 Exception <a 'java/lang/NoSuchMethodError'{0x0000000087d3be50}: 'java.lang.Object java.lang.invoke.DirectMethodHandle$Holder.invokeStatic(java.lang.Object, java.lang.Object, int)'> (0x0000000087d3be50) 
thrown [t:\workspace\open\src\hotspot\share\interpreter\linkResolver.cpp, line 766]
Event: 3.269 Thread 0x000002809740d640 Exception <a 'java/lang/NoSuchMethodError'{0x0000000087d4ecf0}: 'void java.lang.invoke.DelegatingMethodHandle$Holder.delegate(java.lang.Object, java.lang.Object, int, java.lang.Object)'> (0x0000000087d4ecf0) 
thrown [t:\workspace\open\src\hotspot\share\interpreter\linkResolver.cpp, line 766]
Event: 3.269 Thread 0x000002809740d640 Exception <a 'java/lang/NoSuchMethodError'{0x0000000087d57230}: 'java.lang.Object java.lang.invoke.DirectMethodHandle$Holder.invokeSpecial(java.lang.Object, java.lang.Object, java.lang.Object, java.lang.Object, java.lang.Object, java.lang.Object, java.lang.Object, java.lang.Object, java.lang.Object)'> (0x0000000087d57230) 
thrown [t:\workspace\open\src\hotspot\share\interpreter\linkResolver.cpp, line 766]
Event: 3.273 Thread 0x000002809740d640 Exception <a 'java/lang/NoSuchMethodError'{0x0000000087d7bc48}: 'java.lang.Object java.lang.invoke.DirectMethodHandle$Holder.invokeSpecial(java.lang.Object, java.lang.Object, java.lang.Object, java.lang.Object, java.lang.Object, java.lang.Object, java.lang.Object, java.lang.Object, java.lang.Object, java.lang.Object, java.lang.Object, java.lang.Object, java.lang.Object, java.lang.Object)'> (0x0000000087d7bc48) 
thrown [t:\workspace\open\src\hotspot\share\interpreter\linkResolver.cpp, line 766]
Event: 3.274 Thread 0x000002809740d640 Exception <a 'java/lang/NoSuchMethodError'{0x0000000087d80920}: 'java.lang.Object java.lang.invoke.Invokers$Holder.invoker(java.lang.Object, java.lang.Object, java.lang.Object, java.lang.Object, java.lang.Object, java.lang.Object, java.lang.Object, java.lang.Object, java.lang.Object, java.lang.Object, java.lang.Object, java.lang.Object, java.lang.Object, java.lang.Object)'> (0x0000000087d80920) 
thrown [t:\workspace\open\src\hotspot\share\interpreter\linkResolver.cpp, line 766]
Event: 3.274 Thread 0x000002809740d640 Exception <a 'java/lang/NoSuchMethodError'{0x0000000087d86618}: 'java.lang.Object java.lang.invoke.DirectMethodHandle$Holder.invokeSpecial(java.lang.Object, java.lang.Object, java.lang.Object, java.lang.Object, java.lang.Object, java.lang.Object, java.lang.Object, java.lang.Object, java.lang.Object, java.lang.Object, java.lang.Object, java.lang.Object, java.lang.Object, java.lang.Object, java.lang.Object)'> (0x0000000087d86618) 
thrown [t:\workspace\open\src\hotspot\share\interpreter\linkResolver.cpp, line
Event: 3.278 Thread 0x000002809740d640 Exception <a 'java/lang/NoSuchMethodError'{0x0000000087d99428}: 'int java.lang.invoke.DirectMethodHandle$Holder.invokeVirtual(java.lang.Object, java.lang.Object, java.lang.Object)'> (0x0000000087d99428) 
thrown [t:\workspace\open\src\hotspot\share\interpreter\linkResolver.cpp, line 766]
Event: 3.278 Thread 0x000002809740d640 Exception <a 'java/lang/NoSuchMethodError'{0x0000000087d9cd10}: 'int java.lang.invoke.DirectMethodHandle$Holder.invokeVirtual(java.lang.Object, java.lang.Object)'> (0x0000000087d9cd10) 
thrown [t:\workspace\open\src\hotspot\share\interpreter\linkResolver.cpp, line 766]
Event: 3.279 Thread 0x000002809740d640 Exception <a 'java/lang/NoSuchMethodError'{0x0000000087da0f50}: 'int java.lang.invoke.DirectMethodHandle$Holder.invokeStaticInit(java.lang.Object, int, int)'> (0x0000000087da0f50) 
thrown [t:\workspace\open\src\hotspot\share\interpreter\linkResolver.cpp, line 766]
Event: 3.279 Thread 0x000002809740d640 Exception <a 'java/lang/NoSuchMethodError'{0x0000000087da8850}: 'int java.lang.invoke.DirectMethodHandle$Holder.invokeStaticInit(java.lang.Object, long, long)'> (0x0000000087da8850) 
thrown [t:\workspace\open\src\hotspot\share\interpreter\linkResolver.cpp, line 766]
Event: 3.280 Thread 0x000002809740d640 Exception <a 'java/lang/NoSuchMethodError'{0x0000000087daf6a8}: 'int java.lang.invoke.DirectMethodHandle$Holder.invokeStaticInit(java.lang.Object, float, float)'> (0x0000000087daf6a8) 
thrown [t:\workspace\open\src\hotspot\share\interpreter\linkResolver.cpp, line 766]
Event: 3.280 Thread 0x000002809740d640 Exception <a 'java/lang/NoSuchMethodError'{0x0000000087db64f8}: 'int java.lang.invoke.DirectMethodHandle$Holder.invokeStaticInit(java.lang.Object, double, double)'> (0x0000000087db64f8) 
thrown [t:\workspace\open\src\hotspot\share\interpreter\linkResolver.cpp, line 766]
Event: 3.281 Thread 0x000002809740d640 Exception <a 'java/lang/NoSuchMethodError'{0x0000000087dbad40}: 'int java.lang.invoke.DirectMethodHandle$Holder.invokeStatic(java.lang.Object, long)'> (0x0000000087dbad40) 
thrown [t:\workspace\open\src\hotspot\share\interpreter\linkResolver.cpp, line 766]
Event: 3.285 Thread 0x000002809740d640 Exception <a 'java/lang/NoSuchMethodError'{0x0000000087de1fb0}: 'int java.lang.invoke.DirectMethodHandle$Holder.invokeSpecial(java.lang.Object, java.lang.Object, int)'> (0x0000000087de1fb0) 
thrown [t:\workspace\open\src\hotspot\share\interpreter\linkResolver.cpp, line 766]
Event: 3.286 Thread 0x000002809740d640 Exception <a 'java/lang/NoSuchMethodError'{0x0000000087de9978}: 'int java.lang.invoke.Invokers$Holder.linkToTargetMethod(java.lang.Object, java.lang.Object)'> (0x0000000087de9978) 
thrown [t:\workspace\open\src\hotspot\share\interpreter\linkResolver.cpp, line 766]

VM Operations (20 events):
Event: 1.979 Executing VM operation: HandshakeAllThreads
Event: 1.980 Executing VM operation: HandshakeAllThreads done
Event: 2.051 Executing VM operation: HandshakeAllThreads
Event: 2.051 Executing VM operation: HandshakeAllThreads done
Event: 2.091 Executing VM operation: G1CollectForAllocation
Event: 2.091 Executing VM operation: G1CollectForAllocation done
Event: 2.091 Executing VM operation: G1CollectForAllocation
Event: 2.096 Executing VM operation: G1CollectForAllocation done
Event: 2.227 Executing VM operation: HandshakeAllThreads
Event: 2.227 Executing VM operation: HandshakeAllThreads done
Event: 2.250 Executing VM operation: HandshakeAllThreads
Event: 2.250 Executing VM operation: HandshakeAllThreads done
Event: 2.720 Executing VM operation: ICBufferFull
Event: 2.720 Executing VM operation: ICBufferFull done
Event: 3.179 Executing VM operation: ICBufferFull
Event: 3.179 Executing VM operation: ICBufferFull done
Event: 3.266 Executing VM operation: HandshakeAllThreads
Event: 3.266 Executing VM operation: HandshakeAllThreads done
Event: 3.292 Executing VM operation: HandshakeAllThreads
Event: 3.292 Executing VM operation: HandshakeAllThreads done

Events (20 events):
Event: 0.137 Thread 0x00000280b4cdac40 Thread added: 0x00000280b4cdac40
Event: 0.148 Thread 0x00000280b4d55040 Thread added: 0x00000280b4d55040
Event: 0.238 Thread 0x00000280b4ca3660 Thread added: 0x00000280b4ca3660
Event: 0.266 Loaded shared library C:\Program Files\Java\jdk-18\bin\zip.dll
Event: 0.278 Loaded shared library C:\Program Files\Java\jdk-18\bin\instrument.dll
Event: 0.287 Loaded shared library C:\Program Files\Java\jdk-18\bin\net.dll
Event: 0.289 Loaded shared library C:\Program Files\Java\jdk-18\bin\nio.dll
Event: 0.292 Loaded shared library C:\Program Files\Java\jdk-18\bin\zip.dll
Event: 0.402 Loaded shared library C:\Program Files\JetBrains\IntelliJ IDEA Community Edition 2023.2.1\bin\breakgen64.dll
Event: 0.403 Thread 0x00000280b915e180 Thread added: 0x00000280b915e180
Event: 0.403 Thread 0x00000280b915e640 Thread added: 0x00000280b915e640
Event: 0.475 Loaded shared library C:\Program Files\Java\jdk-18\bin\jimage.dll
Event: 1.370 Thread 0x00000280b9b009a0 Thread added: 0x00000280b9b009a0
Event: 1.536 Thread 0x00000280b9c154f0 Thread added: 0x00000280b9c154f0
Event: 1.679 Thread 0x00000280b9b009a0 Thread exited: 0x00000280b9b009a0
Event: 2.150 Thread 0x00000280b9dee9a0 Thread added: 0x00000280b9dee9a0
Event: 2.234 Thread 0x00000280b9efdca0 Thread added: 0x00000280b9efdca0
Event: 2.283 Thread 0x00000280b9efdca0 Thread exited: 0x00000280b9efdca0
Event: 2.291 Loaded shared library C:\Program Files\Java\jdk-18\bin\sunmscapi.dll
Event: 2.306 Thread 0x00000280b9c154f0 Thread exited: 0x00000280b9c154f0


Dynamic libraries:
0x00007ff6af1f0000 - 0x00007ff6af200000 	C:\Program Files\Java\jdk-18\bin\java.exe
0x00007ffe77070000 - 0x00007ffe77268000 	C:\WINDOWS\SYSTEM32\ntdll.dll
0x00007ffe76f70000 - 0x00007ffe7702d000 	C:\WINDOWS\System32\KERNEL32.DLL
0x00007ffe748f0000 - 0x00007ffe74be6000 	C:\WINDOWS\System32\KERNELBASE.dll
0x00007ffe74e30000 - 0x00007ffe74f30000 	C:\WINDOWS\System32\ucrtbase.dll
0x00007ffe699b0000 - 0x00007ffe699c8000 	C:\Program Files\Java\jdk-18\bin\jli.dll
0x00007ffe76ec0000 - 0x00007ffe76f70000 	C:\WINDOWS\System32\ADVAPI32.dll
0x00007ffe76e20000 - 0x00007ffe76ebe000 	C:\WINDOWS\System32\msvcrt.dll
0x00007ffe765f0000 - 0x00007ffe76690000 	C:\WINDOWS\System32\sechost.dll
0x00007ffe750a0000 - 0x00007ffe751c3000 	C:\WINDOWS\System32\RPCRT4.dll
0x00007ffe74850000 - 0x00007ffe74877000 	C:\WINDOWS\System32\bcrypt.dll
0x00007ffe76be0000 - 0x00007ffe76d7f000 	C:\WINDOWS\System32\USER32.dll
0x00007ffe74e00000 - 0x00007ffe74e22000 	C:\WINDOWS\System32\win32u.dll
0x00007ffe75b50000 - 0x00007ffe75b7b000 	C:\WINDOWS\System32\GDI32.dll
0x00007ffe74f80000 - 0x00007ffe75097000 	C:\WINDOWS\System32\gdi32full.dll
0x00007ffe747b0000 - 0x00007ffe7484d000 	C:\WINDOWS\System32\msvcp_win.dll
0x00007ffe699d0000 - 0x00007ffe699ea000 	C:\Program Files\Java\jdk-18\bin\VCRUNTIME140.dll
0x00007ffe61520000 - 0x00007ffe617ba000 	C:\WINDOWS\WinSxS\amd64_microsoft.windows.common-controls_6595b64144ccf1df_6.0.19041.4355_none_60b8b9eb71f62e16\COMCTL32.dll
0x00007ffe6d490000 - 0x00007ffe6d49a000 	C:\WINDOWS\SYSTEM32\VERSION.dll
0x00007ffe76de0000 - 0x00007ffe76e12000 	C:\WINDOWS\System32\IMM32.DLL
0x00007ffe699a0000 - 0x00007ffe699ac000 	C:\Program Files\Java\jdk-18\bin\vcruntime140_1.dll
0x00007ffe3afc0000 - 0x00007ffe3b04d000 	C:\Program Files\Java\jdk-18\bin\msvcp140.dll
0x00007ffe234b0000 - 0x00007ffe240c1000 	C:\Program Files\Java\jdk-18\bin\server\jvm.dll
0x00007ffe76580000 - 0x00007ffe76588000 	C:\WINDOWS\System32\PSAPI.DLL
0x00007ffe6fe70000 - 0x00007ffe6fe79000 	C:\WINDOWS\SYSTEM32\WSOCK32.dll
0x00007ffe76510000 - 0x00007ffe7657b000 	C:\WINDOWS\System32\WS2_32.dll
0x00007ffe5bff0000 - 0x00007ffe5c017000 	C:\WINDOWS\SYSTEM32\WINMM.dll
0x00007ffe72f30000 - 0x00007ffe72f42000 	C:\WINDOWS\SYSTEM32\kernel.appcore.dll
0x00007ffe609e0000 - 0x00007ffe609ea000 	C:\Program Files\Java\jdk-18\bin\jimage.dll
0x00007ffe72490000 - 0x00007ffe72674000 	C:\WINDOWS\SYSTEM32\DBGHELP.DLL
0x00007ffe5fdf0000 - 0x00007ffe5fe24000 	C:\WINDOWS\SYSTEM32\dbgcore.DLL
0x00007ffe74720000 - 0x00007ffe747a2000 	C:\WINDOWS\System32\bcryptPrimitives.dll
0x00007ffe6fe90000 - 0x00007ffe6fe9e000 	C:\Program Files\Java\jdk-18\bin\instrument.dll
0x00007ffe609b0000 - 0x00007ffe609d5000 	C:\Program Files\Java\jdk-18\bin\java.dll
0x00007ffe3aee0000 - 0x00007ffe3afb6000 	C:\Program Files\Java\jdk-18\bin\jsvml.dll
0x00007ffe753e0000 - 0x00007ffe75b4b000 	C:\WINDOWS\System32\SHELL32.dll
0x00007ffe72780000 - 0x00007ffe72f1d000 	C:\WINDOWS\SYSTEM32\windows.storage.dll
0x00007ffe767c0000 - 0x00007ffe76b13000 	C:\WINDOWS\System32\combase.dll
0x00007ffe74140000 - 0x00007ffe7416e000 	C:\WINDOWS\SYSTEM32\Wldp.dll
0x00007ffe752b0000 - 0x00007ffe7537d000 	C:\WINDOWS\System32\OLEAUT32.dll
0x00007ffe76b30000 - 0x00007ffe76bdd000 	C:\WINDOWS\System32\SHCORE.dll
0x00007ffe76590000 - 0x00007ffe765e5000 	C:\WINDOWS\System32\shlwapi.dll
0x00007ffe74650000 - 0x00007ffe74674000 	C:\WINDOWS\SYSTEM32\profapi.dll
0x00007ffe3b080000 - 0x00007ffe3b098000 	C:\Program Files\Java\jdk-18\bin\zip.dll
0x00007ffe3b0c0000 - 0x00007ffe3b0d3000 	C:\Program Files\Java\jdk-18\bin\net.dll
0x00007ffe6a5c0000 - 0x00007ffe6a6ca000 	C:\WINDOWS\SYSTEM32\WINHTTP.dll
0x00007ffe73ea0000 - 0x00007ffe73f0a000 	C:\WINDOWS\system32\mswsock.dll
0x00007ffe3b0a0000 - 0x00007ffe3b0b6000 	C:\Program Files\Java\jdk-18\bin\nio.dll
0x00007ffe5f8d0000 - 0x00007ffe5f8ea000 	C:\Program Files\JetBrains\IntelliJ IDEA Community Edition 2023.2.1\bin\breakgen64.dll
0x00007ffe5f860000 - 0x00007ffe5f86e000 	C:\Program Files\Java\jdk-18\bin\sunmscapi.dll
0x00007ffe74bf0000 - 0x00007ffe74d4e000 	C:\WINDOWS\System32\CRYPT32.dll
0x00007ffe741b0000 - 0x00007ffe741d9000 	C:\WINDOWS\SYSTEM32\ncrypt.dll
0x00007ffe74170000 - 0x00007ffe741ab000 	C:\WINDOWS\SYSTEM32\NTASN1.dll

dbghelp: loaded successfully - version: 4.0.5 - missing functions: none
symbol engine: initialized successfully - sym options: 0x614 - pdb path: .;C:\Program Files\Java\jdk-18\bin;C:\WINDOWS\SYSTEM32;C:\WINDOWS\WinSxS\amd64_microsoft.windows.common-controls_6595b64144ccf1df_6.0.19041.4355_none_60b8b9eb71f62e16;C:\Program Files\Java\jdk-18\bin\server;C:\Program Files\JetBrains\IntelliJ IDEA Community Edition 2023.2.1\bin

VM Arguments:
jvm_args: -javaagent:C:\Program Files\JetBrains\IntelliJ IDEA Community Edition 2023.2.1\lib\idea_rt.jar=50705:C:\Program Files\JetBrains\IntelliJ IDEA Community Edition 2023.2.1\bin -Dfile.encoding=windows-1251 -Dsun.stdout.encoding=windows-1251 -Dsun.stderr.encoding=windows-1251 
java_command: ru.istomin.lesson4.Lesson4Application
java_class_path (initial): C:\Users\Admin\Desktop\Java Spring\Lesson\Lesson4\lesson\lesson4\target\classes;C:\Users\Admin\.m2\repository\org\springframework\boot\spring-boot-starter-thymeleaf\3.3.0\spring-boot-starter-thymeleaf-3.3.0.jar;C:\Users\Admin\.m2\repository\org\springframework\boot\spring-boot-starter\3.3.0\spring-boot-starter-3.3.0.jar;C:\Users\Admin\.m2\repository\org\springframework\boot\spring-boot\3.3.0\spring-boot-3.3.0.jar;C:\Users\Admin\.m2\repository\org\springframework\boot\spring-boot-autoconfigure\3.3.0\spring-boot-autoconfigure-3.3.0.jar;C:\Users\Admin\.m2\repository\org\springframework\boot\spring-boot-starter-logging\3.3.0\spring-boot-starter-logging-3.3.0.jar;C:\Users\Admin\.m2\repository\ch\qos\logback\logback-classic\1.5.6\logback-classic-1.5.6.jar;C:\Users\Admin\.m2\repository\ch\qos\logback\logback-core\1.5.6\logback-core-1.5.6.jar;C:\Users\Admin\.m2\repository\org\apache\logging\log4j\log4j-to-slf4j\2.23.1\log4j-to-slf4j-2.23.1.jar;C:\Users\Admin\.m2\repository\org\apache\logging\log4j\log4j-api\2.23.1\log4j-api-2.23.1.jar;C:\Users\Admin\.m2\repository\org\slf4j\jul-to-slf4j\2.0.13\jul-to-slf4j-2.0.13.jar;C:\Users\Admin\.m2\repository\jakarta\annotation\jakarta.annotation-api\2.1.1\jakarta.annotation-api-2.1.1.jar;C:\Users\Admin\.m2\repository\org\yaml\snakeyaml\2.2\snakeyaml-2.2.jar;C:\Users\Admin\.m2\repository\org\thymeleaf\thymeleaf-spring6\3.1.2.RELEASE\thymeleaf-spring6-3.1.2.RELEASE.jar;C:\Users\Admin\.m2\repository\org\thymeleaf\thymeleaf\3.1.2.RELEASE\thymeleaf-3.1.2.RELEASE.jar;C:\Users\Admin\.m2\repository\org\attoparser\attoparser\2.0.7.RELEASE\attoparser-2.0.7.RELEASE.jar;C:\Users\Admin\.m2\repository\org\unbescape\unbescape\1.1.6.RELEASE\unbescape-1.1.6.RELEASE.jar;C:\Users\Admin\.m2\repository\org\slf4j\slf4j-api\2.0.13\slf4j-api-2.0.13.jar;C:\Users\Admin\.m2\repository\org\springframework\boot\spring-boot-starter-web\3.3.0\spring-boot-starter-web-3.3.0.jar;C:\Users\Admin\.m2\repository\org\springframework\boot\spring-boot-starter-json\3.3.0\spring-boot-starter-json-3.3.0.jar;C:\Users\Admin\.m2\repository\com\fasterxml\jackson\core\jackson-databind\2.17.1\jackson-databind-2.17.1.jar;C:\Users\Admin\.m2\repository\com\fasterxml\jackson\core\jackson-annotations\2.17.1\jackson-annotations-2.17.1.jar;C:\Users\Admin\.m2\repository\com\fasterxml\jackson\core\jackson-core\2.17.1\jackson-core-2.17.1.jar;C:\Users\Admin\.m2\repository\com\fasterxml\jackson\datatype\jackson-datatype-jdk8\2.17.1\jackson-datatype-jdk8-2.17.1.jar;C:\Users\Admin\.m2\repository\com\fasterxml\jackson\datatype\jackson-datatype-jsr310\2.17.1\jackson-datatype-jsr310-2.17.1.jar;C:\Users\Admin\.m2\repository\com\fasterxml\jackson\module\jackson-module-parameter-names\2.17.1\jackson-module-parameter-names-2.17.1.jar;C:\Users\Admin\.m2\repository\org\springframework\boot\spring-boot-starter-tomcat\3.3.0\spring-boot-starter-tomcat-3.3.0.jar;C:\Users\Admin\.m2\repository\org\apache\tomcat\embed\tomcat-embed-core\10.1.24\tomcat-embed-core-10.1.24.jar;C:\Users\Admin\.m2\repository\org\apache\tomcat\embed\tomcat-embed-el\10.1.24\tomcat-embed-el-10.1.24.jar;C:\Users\Admin\.m2\repository\org\apache\tomcat\embed\tomcat-embed-websocket\10.1.24\tomcat-embed-websocket-10.1.24.jar;C:\Users\Admin\.m2\repository\org\springframework\spring-web\6.1.8\spring-web-6.1.8.jar;C:\Users\Admin\.m2\repository\org\springframework\spring-beans\6.1.8\spring-beans-6.1.8.jar;C:\Users\Admin\.m2\repository\io\micrometer\micrometer-observation\1.13.0\micrometer-observation-1.13.0.jar;C:\Users\Admin\.m2\repository\io\micrometer\micrometer-commons\1.13.0\micrometer-commons-1.13.0.jar;C:\Users\Admin\.m2\repository\org\springframework\spring-webmvc\6.1.8\spring-webmvc-6.1.8.jar;C:\Users\Admin\.m2\repository\org\springframework\spring-aop\6.1.8\spring-aop-6.1.8.jar;C:\Users\Admin\.m2\repository\org\springframework\spring-context\6.1.8\spring-context-6.1.8.jar;C:\Users\Admin\.m2\repository\org\springframework\spring-expression\6.1.8\spring-expression-6.1.8.jar;C:\Users\Admin\.m2\repository\org\springframework\spring-core\6.1.8\spring-core-6.1.8.jar;C:\Users\Admin\.m2\repository\org\springframework\spring-jcl\6.1.8\spring-jcl-6.1.8.jar
Launcher Type: SUN_STANDARD

[Global flags]
     intx CICompilerCount                          = 3                                         {product} {ergonomic}
     uint ConcGCThreads                            = 1                                         {product} {ergonomic}
     uint G1ConcRefinementThreads                  = 4                                         {product} {ergonomic}
   size_t G1HeapRegionSize                         = 1048576                                   {product} {ergonomic}
    uintx GCDrainStackTargetSize                   = 64                                        {product} {ergonomic}
   size_t InitialHeapSize                          = 134217728                                 {product} {ergonomic}
   size_t MarkStackSize                            = 4194304                                   {product} {ergonomic}
   size_t MaxHeapSize                              = 2116026368                                {product} {ergonomic}
   size_t MaxNewSize                               = 1268776960                                {product} {ergonomic}
   size_t MinHeapDeltaBytes                        = 1048576                                   {product} {ergonomic}
   size_t MinHeapSize                              = 8388608                                   {product} {ergonomic}
    uintx NonNMethodCodeHeapSize                   = 5832780                                {pd product} {ergonomic}
    uintx NonProfiledCodeHeapSize                  = 122912730                              {pd product} {ergonomic}
    uintx ProfiledCodeHeapSize                     = 122912730                              {pd product} {ergonomic}
    uintx ReservedCodeCacheSize                    = 251658240                              {pd product} {ergonomic}
     bool SegmentedCodeCache                       = true                                      {product} {ergonomic}
   size_t SoftMaxHeapSize                          = 2116026368                             {manageable} {ergonomic}
     bool UseCompressedClassPointers               = true                           {product lp64_product} {ergonomic}
     bool UseCompressedOops                        = true                           {product lp64_product} {ergonomic}
     bool UseG1GC                                  = true                                      {product} {ergonomic}
     bool UseLargePagesIndividualAllocation        = false                                  {pd product} {ergonomic}

Logging:
Log output configuration:
 #0: stdout all=warning uptime,level,tags foldmultilines=false
 #1: stderr all=off uptime,level,tags foldmultilines=false

Environment Variables:
JAVA_HOME=C:\Program Files\Java\jdk-20
PATH=C:\Program Files\Common Files\Oracle\Java\javapath;C:\WINDOWS\system32;C:\WINDOWS;C:\WINDOWS\System32\Wbem;C:\WINDOWS\System32\WindowsPowerShell\v1.0\;C:\WINDOWS\System32\OpenSSH\;C:\Program Files\Java\jdk-17.0.2\bin;C:\Program Files\Git\cmd;C:\Program Files\dotnet\;C:\Program Files\apache-maven-3.9.6\bin;C:\Program Files\maven\apache-maven-3.9.6\bin;%JAVA_HOME%\bin;C:\Users\Admin\AppData\Local\Programs\Python\Python311\Scripts\;C:\Users\Admin\AppData\Local\Programs\Python\Python311\;C:\Program Files\MySQL\MySQL Shell 8.0\bin\;"C:\Users\Admin\AppData\Local\Microsoft\WindowsApps;C:\Program Files\Java\jdk-17.0.2\bin";C:\Users\Admin\AppData\Local\gitkraken\bin;C:\Users\Admin\AppData\Local\Programs\Microsoft VS Code\bin;C:\Users\Admin\.dotnet\tools
USERNAME=Admin
OS=Windows_NT
PROCESSOR_IDENTIFIER=Intel64 Family 6 Model 142 Stepping 10, GenuineIntel



---------------  S Y S T E M  ---------------

OS:
 Windows 10 , 64 bit Build 19041 (10.0.19041.3636)
OS uptime: 0 days 1:27 hours

CPU: total 4 (initial active 4) (2 cores per cpu, 2 threads per core) family 6 model 142 stepping 10 microcode 0xb4, cx8, cmov, fxsr, ht, mmx, 3dnowpref, sse, sse2, sse3, ssse3, sse4.1, sse4.2, popcnt, lzcnt, tsc, tscinvbit, avx, avx2, aes, erms, clmul, bmi1, bmi2, adx, fma, vzeroupper, clflush, clflushopt

Memory: 4k page, system-wide physical 8071M (1807M free)
TotalPageFile size 8871M (AvailPageFile size 4M)
current process WorkingSet (physical memory assigned to process): 127M, peak: 127M
current process commit charge ("private bytes"): 254M, peak: 256M

vm_info: Java HotSpot(TM) 64-Bit Server VM (18+36-2087) for windows-amd64 JRE (18+36-2087), built on Feb 15 2022 09:43:11 by "mach5one" with MS VC++ 16.8 / 16.9 (VS2019)

END.
