#
# There is insufficient memory for the Java Runtime Environment to continue.
# Native memory allocation (malloc) failed to allocate 607856 bytes for Chunk::new
# Possible reasons:
#   The system is out of physical RAM or swap space
#   The process is running with CompressedOops enabled, and the Java Heap may be blocking the growth of the native heap
# Possible solutions:
#   Reduce memory load on the system
#   Increase physical memory or swap space
#   Check if swap backing store is full
#   Decrease Java heap size (-Xmx/-Xms)
#   Decrease number of Java threads
#   Decrease Java thread stack sizes (-Xss)
#   Set larger code cache with -XX:ReservedCodeCacheSize=
#   JVM is running with Unscaled Compressed Oops mode in which the Java heap is
#     placed in the first 4GB address space. The Java Heap base address is the
#     maximum limit for the native heap growth. Please use -XX:HeapBaseMinAddress
#     to set the Java Heap base and to place the Java Heap above 4GB virtual address.
# This output file may be truncated or incomplete.
#
#  Out of Memory Error (arena.cpp:184), pid=7628, tid=3248
#
# JRE version: Java(TM) SE Runtime Environment (18.0+36) (build 18+36-2087)
# Java VM: Java HotSpot(TM) 64-Bit Server VM (18+36-2087, mixed mode, sharing, tiered, compressed oops, compressed class ptrs, g1 gc, windows-amd64)
# No core dump will be written. Minidumps are not enabled by default on client versions of Windows
#

---------------  S U M M A R Y ------------

Command Line: -javaagent:C:\Program Files\JetBrains\IntelliJ IDEA Community Edition 2023.2.1\lib\idea_rt.jar=50729:C:\Program Files\JetBrains\IntelliJ IDEA Community Edition 2023.2.1\bin -Dfile.encoding=windows-1251 -Dsun.stdout.encoding=windows-1251 -Dsun.stderr.encoding=windows-1251 ru.istomin.lesson4.Lesson4Application

Host: Intel(R) Core(TM) i3-8130U CPU @ 2.20GHz, 4 cores, 7G,  Windows 10 , 64 bit Build 19041 (10.0.19041.3636)
Time: Sat Jun  1 16:59:35 2024  Windows 10 , 64 bit Build 19041 (10.0.19041.3636) elapsed time: 44.851392 seconds (0d 0h 0m 44s)

---------------  T H R E A D  ---------------

Current thread (0x0000016ceddab500):  JavaThread "C2 CompilerThread0" daemon [_thread_in_native, id=3248, stack(0x0000003d9ee00000,0x0000003d9ef00000)]


Current CompileTask:
C2:  44851 3742       4       org.springframework.beans.factory.support.AbstractBeanFactory::isTypeMatch (745 bytes)

Stack: [0x0000003d9ee00000,0x0000003d9ef00000]
Native frames: (J=compiled Java code, j=interpreted, Vv=VM code, C=native code)
V  [jvm.dll+0x69804a]
V  [jvm.dll+0x7f308d]
V  [jvm.dll+0x7f499e]
V  [jvm.dll+0x7f5053]
V  [jvm.dll+0x25ca3f]
V  [jvm.dll+0xb8c2f]
V  [jvm.dll+0xb8fa5]
V  [jvm.dll+0x2c794f]
V  [jvm.dll+0x59fdb0]
V  [jvm.dll+0x238398]
V  [jvm.dll+0x2319c5]
V  [jvm.dll+0x22eeeb]
V  [jvm.dll+0x1b9cfc]
V  [jvm.dll+0x23e8ca]
V  [jvm.dll+0x23cbac]
V  [jvm.dll+0x7a5781]
V  [jvm.dll+0x79fbba]
V  [jvm.dll+0x696ef5]
C  [ucrtbase.dll+0x21bb2]
C  [KERNEL32.DLL+0x17344]
C  [ntdll.dll+0x526b1]


---------------  P R O C E S S  ---------------

Threads class SMR info:
_java_thread_list=0x0000016cf38f52c0, length=28, elements={
0x0000016cedd8d810, 0x0000016cedd8e470, 0x0000016cedda7c30, 0x0000016cedda84e0,
0x0000016cedda8e80, 0x0000016cedda9820, 0x0000016ceddab500, 0x0000016ceddc2900,
0x0000016cede23a50, 0x0000016cf2029ff0, 0x0000016cf212f4c0, 0x0000016cf21929c0,
0x0000016cf3e62020, 0x0000016cf3ef64d0, 0x0000016cf47396a0, 0x0000016cf4393070,
0x0000016cf32dbd10, 0x0000016cf3d3a250, 0x0000016cf3d39d80, 0x0000016cf3d3abf0,
0x0000016cf3d380a0, 0x0000016cf3d393e0, 0x0000016cf3d38570, 0x0000016cf3d3b590,
0x0000016cf3d398b0, 0x0000016cf3d3a720, 0x0000016cf3d38a40, 0x0000016cf3d3b0c0
}

Java Threads: ( => current thread )
  0x0000016cedd8d810 JavaThread "Reference Handler" daemon [_thread_blocked, id=8024, stack(0x0000003d9e800000,0x0000003d9e900000)]
  0x0000016cedd8e470 JavaThread "Finalizer" daemon [_thread_blocked, id=5048, stack(0x0000003d9e900000,0x0000003d9ea00000)]
  0x0000016cedda7c30 JavaThread "Signal Dispatcher" daemon [_thread_blocked, id=5368, stack(0x0000003d9ea00000,0x0000003d9eb00000)]
  0x0000016cedda84e0 JavaThread "Attach Listener" daemon [_thread_blocked, id=8284, stack(0x0000003d9eb00000,0x0000003d9ec00000)]
  0x0000016cedda8e80 JavaThread "Service Thread" daemon [_thread_blocked, id=8092, stack(0x0000003d9ec00000,0x0000003d9ed00000)]
  0x0000016cedda9820 JavaThread "Monitor Deflation Thread" daemon [_thread_blocked, id=3704, stack(0x0000003d9ed00000,0x0000003d9ee00000)]
=>0x0000016ceddab500 JavaThread "C2 CompilerThread0" daemon [_thread_in_native, id=3248, stack(0x0000003d9ee00000,0x0000003d9ef00000)]
  0x0000016ceddc2900 JavaThread "C1 CompilerThread0" daemon [_thread_blocked, id=8124, stack(0x0000003d9ef00000,0x0000003d9f000000)]
  0x0000016cede23a50 JavaThread "Sweeper thread" daemon [_thread_blocked, id=9848, stack(0x0000003d9f000000,0x0000003d9f100000)]
  0x0000016cf2029ff0 JavaThread "Common-Cleaner" daemon [_thread_blocked, id=6580, stack(0x0000003d9f100000,0x0000003d9f200000)]
  0x0000016cf212f4c0 JavaThread "Monitor Ctrl-Break" daemon [_thread_in_native, id=6556, stack(0x0000003d9f200000,0x0000003d9f300000)]
  0x0000016cf21929c0 JavaThread "Notification Thread" daemon [_thread_blocked, id=6172, stack(0x0000003d9f300000,0x0000003d9f400000)]
  0x0000016cf3e62020 JavaThread "Catalina-utility-1" [_thread_blocked, id=5804, stack(0x0000003d9f800000,0x0000003d9f900000)]
  0x0000016cf3ef64d0 JavaThread "Catalina-utility-2" [_thread_blocked, id=8636, stack(0x0000003d9fa00000,0x0000003d9fb00000)]
  0x0000016cf47396a0 JavaThread "http-nio-8080-exec-1" daemon [_thread_in_native, id=2016, stack(0x0000003d9fb00000,0x0000003d9fc00000)]
  0x0000016cf4393070 JavaThread "http-nio-8080-exec-2" daemon [_thread_blocked, id=7680, stack(0x0000003d9fc00000,0x0000003d9fd00000)]
  0x0000016cf32dbd10 JavaThread "http-nio-8080-exec-3" daemon [_thread_blocked, id=3864, stack(0x0000003d9fd00000,0x0000003d9fe00000)]
  0x0000016cf3d3a250 JavaThread "http-nio-8080-exec-4" daemon [_thread_blocked, id=4256, stack(0x0000003d9fe00000,0x0000003d9ff00000)]
  0x0000016cf3d39d80 JavaThread "http-nio-8080-exec-5" daemon [_thread_blocked, id=11052, stack(0x0000003d9ff00000,0x0000003da0000000)]
  0x0000016cf3d3abf0 JavaThread "http-nio-8080-exec-6" daemon [_thread_blocked, id=6636, stack(0x0000003da0000000,0x0000003da0100000)]
  0x0000016cf3d380a0 JavaThread "http-nio-8080-exec-7" daemon [_thread_blocked, id=1928, stack(0x0000003da0100000,0x0000003da0200000)]
  0x0000016cf3d393e0 JavaThread "http-nio-8080-exec-8" daemon [_thread_blocked, id=2356, stack(0x0000003da0200000,0x0000003da0300000)]
  0x0000016cf3d38570 JavaThread "http-nio-8080-exec-9" daemon [_thread_blocked, id=5792, stack(0x0000003da0300000,0x0000003da0400000)]
  0x0000016cf3d3b590 JavaThread "http-nio-8080-exec-10" daemon [_thread_blocked, id=5576, stack(0x0000003da0400000,0x0000003da0500000)]
  0x0000016cf3d398b0 JavaThread "container-0" [_thread_blocked, id=7028, stack(0x0000003da0600000,0x0000003da0700000)]
  0x0000016cf3d3a720 JavaThread "http-nio-8080-Poller" daemon [_thread_in_native, id=8, stack(0x0000003da0700000,0x0000003da0800000)]
  0x0000016cf3d38a40 JavaThread "http-nio-8080-Acceptor" daemon [_thread_in_native, id=2632, stack(0x0000003da0800000,0x0000003da0900000)]
  0x0000016cf3d3b0c0 JavaThread "DestroyJavaVM" [_thread_blocked, id=3472, stack(0x0000003d9e100000,0x0000003d9e200000)]

Other Threads:
  0x0000016cedd86a40 VMThread "VM Thread" [stack: 0x0000003d9e700000,0x0000003d9e800000] [id=7564]
  0x0000016cf2337010 WatcherThread "VM Periodic Task Thread" [stack: 0x0000003d9f400000,0x0000003d9f500000] [id=7924]
  0x0000016cd0542b70 WorkerThread "GC Thread#0" [stack: 0x0000003d9e200000,0x0000003d9e300000] [id=3040]
  0x0000016cf2a54ff0 WorkerThread "GC Thread#1" [stack: 0x0000003d9f500000,0x0000003d9f600000] [id=10364]
  0x0000016cf2ac07f0 WorkerThread "GC Thread#2" [stack: 0x0000003d9f600000,0x0000003d9f700000] [id=7180]
  0x0000016cf2663d50 WorkerThread "GC Thread#3" [stack: 0x0000003d9f700000,0x0000003d9f800000] [id=2132]
  0x0000016cd054f7c0 ConcurrentGCThread "G1 Main Marker" [stack: 0x0000003d9e300000,0x0000003d9e400000] [id=5980]
  0x0000016cd05501b0 WorkerThread "G1 Conc#0" [stack: 0x0000003d9e400000,0x0000003d9e500000] [id=12184]
  0x0000016cd05939b0 ConcurrentGCThread "G1 Refine#0" [stack: 0x0000003d9e500000,0x0000003d9e600000] [id=8936]
  0x0000016cf311e5b0 ConcurrentGCThread "G1 Refine#1" [stack: 0x0000003da0500000,0x0000003da0600000] [id=9008]
  0x0000016cd05942c0 ConcurrentGCThread "G1 Service" [stack: 0x0000003d9e600000,0x0000003d9e700000] [id=3956]

Threads with active compile tasks:
C2 CompilerThread0    44877 3742       4       org.springframework.beans.factory.support.AbstractBeanFactory::isTypeMatch (745 bytes)

VM state: not at safepoint (normal execution)

VM Mutex/Monitor currently owned by a thread: None

Heap address: 0x0000000081e00000, size: 2018 MB, Compressed Oops mode: 32-bit

CDS archive(s) mapped at: [0x0000000800000000-0x0000000800ba0000-0x0000000800ba0000), size 12189696, SharedBaseAddress: 0x0000000800000000, ArchiveRelocationMode: 0.
Compressed class space mapped at: 0x0000000800c00000-0x0000000840c00000, reserved size: 1073741824
Narrow klass base: 0x0000000800000000, Narrow klass shift: 0, Narrow klass range: 0x100000000

GC Precious Log:
 CardTable entry size: 512
 Card Set container configuration: InlinePtr #cards 5 size 8 Array Of Cards #cards 12 size 40 Howl #buckets 4 coarsen threshold 1843 Howl Bitmap #cards 512 size 80 coarsen threshold 460 Card regions per heap region 1 cards per card region 2048
 CPUs: 4 total, 4 available
 Memory: 8071M
 Large Page Support: Disabled
 NUMA Support: Disabled
 Compressed Oops: Enabled (32-bit)
 Heap Region Size: 1M
 Heap Min Capacity: 8M
 Heap Initial Capacity: 128M
 Heap Max Capacity: 2018M
 Pre-touch: Disabled
 Parallel Workers: 4
 Concurrent Workers: 1
 Concurrent Refinement Workers: 4
 Periodic GC: Disabled

Heap:
 garbage-first heap   total 63488K, used 21310K [0x0000000081e00000, 0x0000000100000000)
  region size 1024K, 10 young (10240K), 2 survivors (2048K)
 Metaspace       used 29785K, committed 30400K, reserved 1114112K
  class space    used 3688K, committed 3968K, reserved 1048576K

Heap Regions: E=young(eden), S=young(survivor), O=old, HS=humongous(starts), HC=humongous(continues), CS=collection set, F=free, OA=open archive, CA=closed archive, TAMS=top-at-mark-start (previous, next)
|   0|0x0000000081e00000, 0x0000000081f00000, 0x0000000081f00000|100%| O|  |TAMS 0x0000000081f00000, 0x0000000081e00000| Untracked 
|   1|0x0000000081f00000, 0x0000000082000000, 0x0000000082000000|100%| O|  |TAMS 0x0000000082000000, 0x0000000081f00000| Untracked 
|   2|0x0000000082000000, 0x0000000082100000, 0x0000000082100000|100%| O|  |TAMS 0x0000000082100000, 0x0000000082000000| Untracked 
|   3|0x0000000082100000, 0x0000000082100000, 0x0000000082200000|  0%| F|  |TAMS 0x0000000082100000, 0x0000000082100000| Untracked 
|   4|0x0000000082200000, 0x0000000082300000, 0x0000000082300000|100%| O|  |TAMS 0x0000000082200000, 0x0000000082200000| Untracked 
|   5|0x0000000082300000, 0x0000000082400000, 0x0000000082400000|100%| O|  |TAMS 0x0000000082300000, 0x0000000082300000| Untracked 
|   6|0x0000000082400000, 0x0000000082500000, 0x0000000082500000|100%| O|  |TAMS 0x0000000082400000, 0x0000000082400000| Untracked 
|   7|0x0000000082500000, 0x0000000082600000, 0x0000000082600000|100%| O|  |TAMS 0x0000000082500000, 0x0000000082500000| Untracked 
|   8|0x0000000082600000, 0x0000000082700000, 0x0000000082700000|100%| O|  |TAMS 0x0000000082600000, 0x0000000082600000| Untracked 
|   9|0x0000000082700000, 0x0000000082800000, 0x0000000082800000|100%| O|  |TAMS 0x0000000082700000, 0x0000000082700000| Untracked 
|  10|0x0000000082800000, 0x0000000082900000, 0x0000000082900000|100%| O|  |TAMS 0x0000000082800000, 0x0000000082800000| Untracked 
|  11|0x0000000082900000, 0x0000000082a00000, 0x0000000082a00000|100%| O|  |TAMS 0x0000000082900000, 0x0000000082900000| Untracked 
|  12|0x0000000082a00000, 0x0000000082ae5e00, 0x0000000082b00000| 89%| O|  |TAMS 0x0000000082a00000, 0x0000000082a00000| Untracked 
|  13|0x0000000082b00000, 0x0000000082b00000, 0x0000000082c00000|  0%| F|  |TAMS 0x0000000082b00000, 0x0000000082b00000| Untracked 
|  14|0x0000000082c00000, 0x0000000082c00000, 0x0000000082d00000|  0%| F|  |TAMS 0x0000000082c00000, 0x0000000082c00000| Untracked 
|  15|0x0000000082d00000, 0x0000000082d00000, 0x0000000082e00000|  0%| F|  |TAMS 0x0000000082d00000, 0x0000000082d00000| Untracked 
|  16|0x0000000082e00000, 0x0000000082e00000, 0x0000000082f00000|  0%| F|  |TAMS 0x0000000082e00000, 0x0000000082e00000| Untracked 
|  17|0x0000000082f00000, 0x0000000082f00000, 0x0000000083000000|  0%| F|  |TAMS 0x0000000082f00000, 0x0000000082f00000| Untracked 
|  18|0x0000000083000000, 0x0000000083000000, 0x0000000083100000|  0%| F|  |TAMS 0x0000000083000000, 0x0000000083000000| Untracked 
|  19|0x0000000083100000, 0x0000000083100000, 0x0000000083200000|  0%| F|  |TAMS 0x0000000083100000, 0x0000000083100000| Untracked 
|  20|0x0000000083200000, 0x0000000083200000, 0x0000000083300000|  0%| F|  |TAMS 0x0000000083200000, 0x0000000083200000| Untracked 
|  21|0x0000000083300000, 0x0000000083300000, 0x0000000083400000|  0%| F|  |TAMS 0x0000000083300000, 0x0000000083300000| Untracked 
|  22|0x0000000083400000, 0x00000000834e9d90, 0x0000000083500000| 91%| S|CS|TAMS 0x0000000083400000, 0x0000000083400000| Complete 
|  23|0x0000000083500000, 0x0000000083600000, 0x0000000083600000|100%| S|CS|TAMS 0x0000000083500000, 0x0000000083500000| Complete 
|  24|0x0000000083600000, 0x0000000083600000, 0x0000000083700000|  0%| F|  |TAMS 0x0000000083600000, 0x0000000083600000| Untracked 
|  25|0x0000000083700000, 0x0000000083700000, 0x0000000083800000|  0%| F|  |TAMS 0x0000000083700000, 0x0000000083700000| Untracked 
|  26|0x0000000083800000, 0x0000000083800000, 0x0000000083900000|  0%| F|  |TAMS 0x0000000083800000, 0x0000000083800000| Untracked 
|  27|0x0000000083900000, 0x0000000083900000, 0x0000000083a00000|  0%| F|  |TAMS 0x0000000083900000, 0x0000000083900000| Untracked 
|  28|0x0000000083a00000, 0x0000000083a00000, 0x0000000083b00000|  0%| F|  |TAMS 0x0000000083a00000, 0x0000000083a00000| Untracked 
|  29|0x0000000083b00000, 0x0000000083b00000, 0x0000000083c00000|  0%| F|  |TAMS 0x0000000083b00000, 0x0000000083b00000| Untracked 
|  30|0x0000000083c00000, 0x0000000083c00000, 0x0000000083d00000|  0%| F|  |TAMS 0x0000000083c00000, 0x0000000083c00000| Untracked 
|  31|0x0000000083d00000, 0x0000000083d00000, 0x0000000083e00000|  0%| F|  |TAMS 0x0000000083d00000, 0x0000000083d00000| Untracked 
|  32|0x0000000083e00000, 0x0000000083e00000, 0x0000000083f00000|  0%| F|  |TAMS 0x0000000083e00000, 0x0000000083e00000| Untracked 
|  33|0x0000000083f00000, 0x0000000083f00000, 0x0000000084000000|  0%| F|  |TAMS 0x0000000083f00000, 0x0000000083f00000| Untracked 
|  34|0x0000000084000000, 0x0000000084000000, 0x0000000084100000|  0%| F|  |TAMS 0x0000000084000000, 0x0000000084000000| Untracked 
|  35|0x0000000084100000, 0x0000000084100000, 0x0000000084200000|  0%| F|  |TAMS 0x0000000084100000, 0x0000000084100000| Untracked 
|  36|0x0000000084200000, 0x0000000084200000, 0x0000000084300000|  0%| F|  |TAMS 0x0000000084200000, 0x0000000084200000| Untracked 
|  37|0x0000000084300000, 0x0000000084300000, 0x0000000084400000|  0%| F|  |TAMS 0x0000000084300000, 0x0000000084300000| Untracked 
|  38|0x0000000084400000, 0x0000000084400000, 0x0000000084500000|  0%| F|  |TAMS 0x0000000084400000, 0x0000000084400000| Untracked 
|  39|0x0000000084500000, 0x0000000084500000, 0x0000000084600000|  0%| F|  |TAMS 0x0000000084500000, 0x0000000084500000| Untracked 
|  40|0x0000000084600000, 0x0000000084600000, 0x0000000084700000|  0%| F|  |TAMS 0x0000000084600000, 0x0000000084600000| Untracked 
|  41|0x0000000084700000, 0x0000000084700000, 0x0000000084800000|  0%| F|  |TAMS 0x0000000084700000, 0x0000000084700000| Untracked 
|  42|0x0000000084800000, 0x0000000084800000, 0x0000000084900000|  0%| F|  |TAMS 0x0000000084800000, 0x0000000084800000| Untracked 
|  43|0x0000000084900000, 0x0000000084900000, 0x0000000084a00000|  0%| F|  |TAMS 0x0000000084900000, 0x0000000084900000| Untracked 
|  44|0x0000000084a00000, 0x0000000084a00000, 0x0000000084b00000|  0%| F|  |TAMS 0x0000000084a00000, 0x0000000084a00000| Untracked 
|  45|0x0000000084b00000, 0x0000000084b00000, 0x0000000084c00000|  0%| F|  |TAMS 0x0000000084b00000, 0x0000000084b00000| Untracked 
|  46|0x0000000084c00000, 0x0000000084c00000, 0x0000000084d00000|  0%| F|  |TAMS 0x0000000084c00000, 0x0000000084c00000| Untracked 
|  47|0x0000000084d00000, 0x0000000084d00000, 0x0000000084e00000|  0%| F|  |TAMS 0x0000000084d00000, 0x0000000084d00000| Untracked 
|  48|0x0000000084e00000, 0x0000000084e00000, 0x0000000084f00000|  0%| F|  |TAMS 0x0000000084e00000, 0x0000000084e00000| Untracked 
|  49|0x0000000084f00000, 0x0000000084f00000, 0x0000000085000000|  0%| F|  |TAMS 0x0000000084f00000, 0x0000000084f00000| Untracked 
|  50|0x0000000085000000, 0x0000000085000000, 0x0000000085100000|  0%| F|  |TAMS 0x0000000085000000, 0x0000000085000000| Untracked 
|  51|0x0000000085100000, 0x0000000085100000, 0x0000000085200000|  0%| F|  |TAMS 0x0000000085100000, 0x0000000085100000| Untracked 
|  52|0x0000000085200000, 0x0000000085200000, 0x0000000085300000|  0%| F|  |TAMS 0x0000000085200000, 0x0000000085200000| Untracked 
|  53|0x0000000085300000, 0x0000000085300000, 0x0000000085400000|  0%| F|  |TAMS 0x0000000085300000, 0x0000000085300000| Untracked 
|  81|0x0000000086f00000, 0x0000000086f3c598, 0x0000000087000000| 23%| E|  |TAMS 0x0000000086f00000, 0x0000000086f00000| Complete 
|  82|0x0000000087000000, 0x0000000087100000, 0x0000000087100000|100%| E|CS|TAMS 0x0000000087000000, 0x0000000087000000| Complete 
|  83|0x0000000087100000, 0x0000000087200000, 0x0000000087200000|100%| E|CS|TAMS 0x0000000087100000, 0x0000000087100000| Complete 
|  84|0x0000000087200000, 0x0000000087300000, 0x0000000087300000|100%| E|CS|TAMS 0x0000000087200000, 0x0000000087200000| Complete 
|  85|0x0000000087300000, 0x0000000087400000, 0x0000000087400000|100%| E|CS|TAMS 0x0000000087300000, 0x0000000087300000| Complete 
|  86|0x0000000087400000, 0x0000000087500000, 0x0000000087500000|100%| E|CS|TAMS 0x0000000087400000, 0x0000000087400000| Complete 
|  87|0x0000000087500000, 0x0000000087600000, 0x0000000087600000|100%| E|CS|TAMS 0x0000000087500000, 0x0000000087500000| Complete 
| 127|0x0000000089d00000, 0x0000000089e00000, 0x0000000089e00000|100%| E|CS|TAMS 0x0000000089d00000, 0x0000000089d00000| Complete 

Card table byte_map: [0x0000016ce7200000,0x0000016ce7600000] _byte_map_base: 0x0000016ce6df1000

Marking Bits (Prev, Next): (CMBitMap*) 0x0000016cd05431b0, (CMBitMap*) 0x0000016cd0543170
 Prev Bits: [0x0000016ce9990000, 0x0000016ceb918000)
 Next Bits: [0x0000016ce7a00000, 0x0000016ce9988000)

Polling page: 0x0000016cce2c0000

Metaspace:

Usage:
  Non-class:     25.49 MB used.
      Class:      3.60 MB used.
       Both:     29.10 MB used.

Virtual space:
  Non-class space:       64.00 MB reserved,      25.81 MB ( 40%) committed,  1 nodes.
      Class space:        1.00 GB reserved,       3.88 MB ( <1%) committed,  1 nodes.
             Both:        1.06 GB reserved,      29.69 MB (  3%) committed. 

Chunk freelists:
   Non-Class:  2.11 MB
       Class:  3.97 MB
        Both:  6.08 MB

MaxMetaspaceSize: unlimited
CompressedClassSpaceSize: 1.00 GB
Initial GC threshold: 21.00 MB
Current GC threshold: 35.25 MB
CDS: on
MetaspaceReclaimPolicy: balanced
 - commit_granule_bytes: 65536.
 - commit_granule_words: 8192.
 - virtual_space_node_default_size: 8388608.
 - enlarge_chunks_in_place: 1.
 - new_chunks_are_fully_committed: 0.
 - uncommit_free_chunks: 1.
 - use_allocation_guard: 0.


Internal statistics:

num_allocs_failed_limit: 3.
num_arena_births: 722.
num_arena_deaths: 0.
num_vsnodes_births: 2.
num_vsnodes_deaths: 0.
num_space_committed: 475.
num_space_uncommitted: 0.
num_chunks_returned_to_freelist: 3.
num_chunks_taken_from_freelist: 1778.
num_chunk_merges: 0.
num_chunk_splits: 1226.
num_chunks_enlarged: 893.
num_inconsistent_stats: 0.

CodeHeap 'non-profiled nmethods': size=120000Kb used=1804Kb max_used=1804Kb free=118195Kb
 bounds [0x0000016cdf8d0000, 0x0000016cdfb40000, 0x0000016ce6e00000]
CodeHeap 'profiled nmethods': size=120000Kb used=7796Kb max_used=7796Kb free=112203Kb
 bounds [0x0000016cd83a0000, 0x0000016cd8b40000, 0x0000016cdf8d0000]
CodeHeap 'non-nmethods': size=5760Kb used=1233Kb max_used=1306Kb free=4526Kb
 bounds [0x0000016cd7e00000, 0x0000016cd8070000, 0x0000016cd83a0000]
 total_blobs=4287 nmethods=3755 adapters=443
 compilation: enabled
              stopped_count=0, restarted_count=0
 full_count=0

Compilation events (20 events):
Event: 44.761 Thread 0x0000016ceddc2900 3738       3       java.net.URLConnection::setUseCaches (10 bytes)
Event: 44.761 Thread 0x0000016ceddc2900 nmethod 3738 0x0000016cd8b37210 code [0x0000016cd8b373c0, 0x0000016cd8b37648]
Event: 44.761 Thread 0x0000016ceddc2900 3739       3       java.net.URLConnection::checkConnected (19 bytes)
Event: 44.761 Thread 0x0000016ceddc2900 nmethod 3739 0x0000016cd8b37790 code [0x0000016cd8b37940, 0x0000016cd8b37b48]
Event: 44.762 Thread 0x0000016ceddc2900 3741       3       java.util.ResourceBundle$KeyElementReference::<init> (12 bytes)
Event: 44.762 Thread 0x0000016ceddc2900 nmethod 3741 0x0000016cd8b37c10 code [0x0000016cd8b37dc0, 0x0000016cd8b38158]
Event: 44.762 Thread 0x0000016ceddab500 nmethod 3737 0x0000016cdfa90010 code [0x0000016cdfa90180, 0x0000016cdfa902f8]
Event: 44.762 Thread 0x0000016ceddab500 3740 %     4       java.util.Properties$LineReader::readLine @ 293 (584 bytes)
Event: 44.765 Thread 0x0000016ceddc2900 3743       3       org.springframework.core.OrderComparator::getOrder (22 bytes)
Event: 44.765 Thread 0x0000016ceddc2900 nmethod 3743 0x0000016cd8b38290 code [0x0000016cd8b38440, 0x0000016cd8b386c8]
Event: 44.765 Thread 0x0000016ceddc2900 3744       3       org.springframework.core.OrderComparator::getOrder (111 bytes)
Event: 44.767 Thread 0x0000016ceddc2900 nmethod 3744 0x0000016cd8b38790 code [0x0000016cd8b389c0, 0x0000016cd8b39178]
Event: 44.773 Thread 0x0000016ceddc2900 3745       1       org.apache.tomcat.util.http.MimeHeaderField::getName (5 bytes)
Event: 44.773 Thread 0x0000016ceddc2900 nmethod 3745 0x0000016cdfa90410 code [0x0000016cdfa905a0, 0x0000016cdfa90678]
Event: 44.793 Thread 0x0000016ceddc2900 3746       3       java.lang.invoke.MethodHandles::identity (87 bytes)
Event: 44.793 Thread 0x0000016ceddc2900 nmethod 3746 0x0000016cd8b39410 code [0x0000016cd8b39600, 0x0000016cd8b39a38]
Event: 44.802 Thread 0x0000016ceddab500 nmethod 3740% 0x0000016cdfa90a10 code [0x0000016cdfa90c60, 0x0000016cdfa92010]
Event: 44.802 Thread 0x0000016ceddab500 3742       4       org.springframework.beans.factory.support.AbstractBeanFactory::isTypeMatch (745 bytes)
Event: 44.836 Thread 0x0000016ceddc2900 3749       3       java.util.regex.Pattern$Node::<init> (12 bytes)
Event: 44.836 Thread 0x0000016ceddc2900 nmethod 3749 0x0000016cd8b39c10 code [0x0000016cd8b39dc0, 0x0000016cd8b39f98]

GC Heap History (14 events):
Event: 0.548 GC heap before
{Heap before GC invocations=0 (full 0):
 garbage-first heap   total 131072K, used 12288K [0x0000000081e00000, 0x0000000100000000)
  region size 1024K, 13 young (13312K), 0 survivors (0K)
 Metaspace       used 4246K, committed 4480K, reserved 1114112K
  class space    used 465K, committed 576K, reserved 1048576K
}
Event: 0.552 GC heap after
{Heap after GC invocations=1 (full 0):
 garbage-first heap   total 131072K, used 3868K [0x0000000081e00000, 0x0000000100000000)
  region size 1024K, 2 young (2048K), 2 survivors (2048K)
 Metaspace       used 4246K, committed 4480K, reserved 1114112K
  class space    used 465K, committed 576K, reserved 1048576K
}
Event: 0.886 GC heap before
{Heap before GC invocations=1 (full 0):
 garbage-first heap   total 131072K, used 16156K [0x0000000081e00000, 0x0000000100000000)
  region size 1024K, 14 young (14336K), 2 survivors (2048K)
 Metaspace       used 7594K, committed 7808K, reserved 1114112K
  class space    used 908K, committed 1024K, reserved 1048576K
}
Event: 0.891 GC heap after
{Heap after GC invocations=2 (full 0):
 garbage-first heap   total 131072K, used 4855K [0x0000000081e00000, 0x0000000100000000)
  region size 1024K, 2 young (2048K), 2 survivors (2048K)
 Metaspace       used 7594K, committed 7808K, reserved 1114112K
  class space    used 908K, committed 1024K, reserved 1048576K
}
Event: 1.283 GC heap before
{Heap before GC invocations=2 (full 0):
 garbage-first heap   total 131072K, used 30455K [0x0000000081e00000, 0x0000000100000000)
  region size 1024K, 28 young (28672K), 2 survivors (2048K)
 Metaspace       used 14643K, committed 14912K, reserved 1114112K
  class space    used 1743K, committed 1856K, reserved 1048576K
}
Event: 1.287 GC heap after
{Heap after GC invocations=3 (full 0):
 garbage-first heap   total 131072K, used 6999K [0x0000000081e00000, 0x0000000100000000)
  region size 1024K, 4 young (4096K), 4 survivors (4096K)
 Metaspace       used 14643K, committed 14912K, reserved 1114112K
  class space    used 1743K, committed 1856K, reserved 1048576K
}
Event: 2.328 GC heap before
{Heap before GC invocations=3 (full 0):
 garbage-first heap   total 131072K, used 42839K [0x0000000081e00000, 0x0000000100000000)
  region size 1024K, 40 young (40960K), 4 survivors (4096K)
 Metaspace       used 21144K, committed 21504K, reserved 1114112K
  class space    used 2559K, committed 2752K, reserved 1048576K
}
Event: 2.338 GC heap after
{Heap after GC invocations=4 (full 0):
 garbage-first heap   total 131072K, used 10564K [0x0000000081e00000, 0x0000000100000000)
  region size 1024K, 7 young (7168K), 7 survivors (7168K)
 Metaspace       used 21144K, committed 21504K, reserved 1114112K
  class space    used 2559K, committed 2752K, reserved 1048576K
}
Event: 3.037 GC heap before
{Heap before GC invocations=5 (full 0):
 garbage-first heap   total 40960K, used 27972K [0x0000000081e00000, 0x0000000100000000)
  region size 1024K, 24 young (24576K), 7 survivors (7168K)
 Metaspace       used 24987K, committed 25408K, reserved 1114112K
  class space    used 3054K, committed 3264K, reserved 1048576K
}
Event: 3.047 GC heap after
{Heap after GC invocations=6 (full 0):
 garbage-first heap   total 40960K, used 12027K [0x0000000081e00000, 0x0000000100000000)
  region size 1024K, 2 young (2048K), 2 survivors (2048K)
 Metaspace       used 24987K, committed 25408K, reserved 1114112K
  class space    used 3054K, committed 3264K, reserved 1048576K
}
Event: 3.072 GC heap before
{Heap before GC invocations=6 (full 0):
 garbage-first heap   total 40960K, used 13051K [0x0000000081e00000, 0x0000000100000000)
  region size 1024K, 3 young (3072K), 2 survivors (2048K)
 Metaspace       used 25090K, committed 25600K, reserved 1114112K
  class space    used 3070K, committed 3328K, reserved 1048576K
}
Event: 3.077 GC heap after
{Heap after GC invocations=7 (full 0):
 garbage-first heap   total 40960K, used 12566K [0x0000000081e00000, 0x0000000100000000)
  region size 1024K, 1 young (1024K), 1 survivors (1024K)
 Metaspace       used 25090K, committed 25600K, reserved 1114112K
  class space    used 3070K, committed 3328K, reserved 1048576K
}
Event: 3.532 GC heap before
{Heap before GC invocations=7 (full 0):
 garbage-first heap   total 40960K, used 26902K [0x0000000081e00000, 0x0000000100000000)
  region size 1024K, 16 young (16384K), 1 survivors (1024K)
 Metaspace       used 27723K, committed 28224K, reserved 1114112K
  class space    used 3416K, committed 3648K, reserved 1048576K
}
Event: 3.536 GC heap after
{Heap after GC invocations=8 (full 0):
 garbage-first heap   total 63488K, used 14142K [0x0000000081e00000, 0x0000000100000000)
  region size 1024K, 2 young (2048K), 2 survivors (2048K)
 Metaspace       used 27723K, committed 28224K, reserved 1114112K
  class space    used 3416K, committed 3648K, reserved 1048576K
}

Deoptimization events (20 events):
Event: 3.298 Thread 0x0000016cd04e69f0 Uncommon trap: trap_request=0xffffffde fr.pc=0x0000016cdfa24860 relative=0x0000000000000160
Event: 3.298 Thread 0x0000016cd04e69f0 Uncommon trap: reason=class_check action=maybe_recompile pc=0x0000016cdfa24860 method=java.lang.reflect.Array.newInstance(Ljava/lang/Class;I)Ljava/lang/Object; @ 2 c2
Event: 3.298 Thread 0x0000016cd04e69f0 DEOPT PACKING pc=0x0000016cdfa24860 sp=0x0000003d9e1fae90
Event: 3.298 Thread 0x0000016cd04e69f0 DEOPT UNPACKING pc=0x0000016cd7e523a3 sp=0x0000003d9e1fae28 mode 2
Event: 3.298 Thread 0x0000016cd04e69f0 Uncommon trap: trap_request=0xffffffde fr.pc=0x0000016cdfa24860 relative=0x0000000000000160
Event: 3.298 Thread 0x0000016cd04e69f0 Uncommon trap: reason=class_check action=maybe_recompile pc=0x0000016cdfa24860 method=java.lang.reflect.Array.newInstance(Ljava/lang/Class;I)Ljava/lang/Object; @ 2 c2
Event: 3.298 Thread 0x0000016cd04e69f0 DEOPT PACKING pc=0x0000016cdfa24860 sp=0x0000003d9e1fae90
Event: 3.298 Thread 0x0000016cd04e69f0 DEOPT UNPACKING pc=0x0000016cd7e523a3 sp=0x0000003d9e1fae28 mode 2
Event: 3.457 Thread 0x0000016cd04e69f0 Uncommon trap: trap_request=0xffffff45 fr.pc=0x0000016cdfa0b14c relative=0x00000000000004ac
Event: 3.457 Thread 0x0000016cd04e69f0 Uncommon trap: reason=unstable_if action=reinterpret pc=0x0000016cdfa0b14c method=org.springframework.beans.factory.support.DefaultSingletonBeanRegistry.getSingleton(Ljava/lang/String;Z)Ljava/lang/Object; @ 39 c2
Event: 3.457 Thread 0x0000016cd04e69f0 DEOPT PACKING pc=0x0000016cdfa0b14c sp=0x0000003d9e1fdd80
Event: 3.457 Thread 0x0000016cd04e69f0 DEOPT UNPACKING pc=0x0000016cd7e523a3 sp=0x0000003d9e1fdd18 mode 2
Event: 3.460 Thread 0x0000016cd04e69f0 Uncommon trap: trap_request=0xffffffde fr.pc=0x0000016cdfa24860 relative=0x0000000000000160
Event: 3.460 Thread 0x0000016cd04e69f0 Uncommon trap: reason=class_check action=maybe_recompile pc=0x0000016cdfa24860 method=java.lang.reflect.Array.newInstance(Ljava/lang/Class;I)Ljava/lang/Object; @ 2 c2
Event: 3.460 Thread 0x0000016cd04e69f0 DEOPT PACKING pc=0x0000016cdfa24860 sp=0x0000003d9e1fbe60
Event: 3.460 Thread 0x0000016cd04e69f0 DEOPT UNPACKING pc=0x0000016cd7e523a3 sp=0x0000003d9e1fbdf8 mode 2
Event: 3.567 Thread 0x0000016cd04e69f0 Uncommon trap: trap_request=0xffffff45 fr.pc=0x0000016cdf92a560 relative=0x0000000000000060
Event: 3.567 Thread 0x0000016cd04e69f0 Uncommon trap: reason=unstable_if action=reinterpret pc=0x0000016cdf92a560 method=org.springframework.util.ConcurrentReferenceHashMap$Segment.clear()V @ 7 c2
Event: 3.567 Thread 0x0000016cd04e69f0 DEOPT PACKING pc=0x0000016cdf92a560 sp=0x0000003d9e1febd0
Event: 3.567 Thread 0x0000016cd04e69f0 DEOPT UNPACKING pc=0x0000016cd7e523a3 sp=0x0000003d9e1feb60 mode 2

Classes loaded (20 events):
Event: 44.687 Loading class sun/nio/ch/SocketAdaptor done
Event: 44.689 Loading class sun/nio/ch/SelectionKeyImpl
Event: 44.689 Loading class java/nio/channels/spi/AbstractSelectionKey
Event: 44.690 Loading class java/nio/channels/SelectionKey
Event: 44.690 Loading class java/nio/channels/SelectionKey done
Event: 44.690 Loading class java/nio/channels/spi/AbstractSelectionKey done
Event: 44.690 Loading class sun/nio/ch/SelectionKeyImpl done
Event: 44.690 Loading class java/lang/invoke/ConstantBootstraps
Event: 44.690 Loading class java/lang/invoke/ConstantBootstraps done
Event: 44.728 Loading class sun/nio/cs/ThreadLocalCoders
Event: 44.728 Loading class sun/nio/cs/ThreadLocalCoders done
Event: 44.728 Loading class sun/nio/cs/ThreadLocalCoders$1
Event: 44.729 Loading class sun/nio/cs/ThreadLocalCoders$Cache
Event: 44.729 Loading class sun/nio/cs/ThreadLocalCoders$Cache done
Event: 44.729 Loading class sun/nio/cs/ThreadLocalCoders$1 done
Event: 44.729 Loading class sun/nio/cs/ThreadLocalCoders$2
Event: 44.729 Loading class sun/nio/cs/ThreadLocalCoders$2 done
Event: 44.795 Loading class java/util/ArrayList$SubList$2
Event: 44.802 Loading class java/util/ArrayList$SubList$2 done
Event: 44.836 Loading class java/time/format/DateTimeFormatterBuilder$ZoneTextPrinterParser

Classes unloaded (0 events):
No events

Classes redefined (0 events):
No events

Internal exceptions (20 events):
Event: 2.753 Thread 0x0000016cd04e69f0 Exception <a 'java/lang/NoSuchMethodError'{0x00000000835e2f58}: 'int java.lang.invoke.DelegatingMethodHandle$Holder.reinvoke_L(java.lang.Object, java.lang.Object, java.lang.Object, java.lang.Object)'> (0x00000000835e2f58) 
thrown [t:\workspace\open\src\hotspot\share\interpreter\linkResolver.cpp, line 766]
Event: 2.787 Thread 0x0000016cd04e69f0 Exception <a 'java/lang/NoSuchMethodError'{0x00000000834f70c0}: 'java.lang.Object java.lang.invoke.DirectMethodHandle$Holder.invokeSpecial(java.lang.Object, java.lang.Object, long, java.lang.Object, java.lang.Object, java.lang.Object, java.lang.Object, java.lang.Object, java.lang.Object)'> (0x00000000834f70c0) 
thrown [t:\workspace\open\src\hotspot\share\interpreter\linkResolver.cpp, line 766]
Event: 2.787 Thread 0x0000016cd04e69f0 Exception <a 'java/lang/NoSuchMethodError'{0x00000000834fbbf0}: 'java.lang.Object java.lang.invoke.DelegatingMethodHandle$Holder.reinvoke_L(java.lang.Object, long, java.lang.Object, java.lang.Object, java.lang.Object, java.lang.Object, java.lang.Object, java.lang.Object)'> (0x00000000834fbbf0) 
thrown [t:\workspace\open\src\hotspot\share\interpreter\linkResolver.cpp, line 766]
Event: 2.867 Thread 0x0000016cd04e69f0 Exception <a 'java/io/FileNotFoundException'{0x000000008324fb78}> (0x000000008324fb78) 
thrown [t:\workspace\open\src\hotspot\share\prims\jni.cpp, line 516]
Event: 2.899 Thread 0x0000016cd04e69f0 Exception <a 'java/lang/NoSuchMethodError'{0x0000000083162d70}: 'int java.lang.invoke.DirectMethodHandle$Holder.invokeInterface(java.lang.Object, java.lang.Object, java.lang.Object, java.lang.Object)'> (0x0000000083162d70) 
thrown [t:\workspace\open\src\hotspot\share\interpreter\linkResolver.cpp, line 766]
Event: 3.008 Thread 0x0000016cd04e69f0 Exception <a 'java/lang/NoSuchMethodError'{0x0000000082f10518}: 'long java.lang.invoke.DirectMethodHandle$Holder.invokeVirtual(java.lang.Object, java.lang.Object)'> (0x0000000082f10518) 
thrown [t:\workspace\open\src\hotspot\share\interpreter\linkResolver.cpp, line 766]
Event: 3.063 Thread 0x0000016cd04e69f0 Exception <a 'java/lang/NoSuchMethodError'{0x0000000089d38f50}: 'void java.lang.invoke.Invokers$Holder.invokeExact_MT(java.lang.Object, java.lang.Object, java.lang.Object, java.lang.Object)'> (0x0000000089d38f50) 
thrown [t:\workspace\open\src\hotspot\share\interpreter\linkResolver.cpp, line 766]
Event: 3.145 Thread 0x0000016cd04e69f0 Exception <a 'java/lang/NoSuchMethodError'{0x00000000874aba20}: 'java.lang.Object java.lang.invoke.DirectMethodHandle$Holder.newInvokeSpecial(java.lang.Object, java.lang.Object, java.lang.Object, java.lang.Object, java.lang.Object, java.lang.Object)'> (0x00000000874aba20) 
thrown [t:\workspace\open\src\hotspot\share\interpreter\linkResolver.cpp, line 766]
Event: 3.150 Thread 0x0000016cd04e69f0 Exception <a 'java/lang/NoSuchMethodError'{0x00000000874fc098}: 'java.lang.Object java.lang.invoke.DirectMethodHandle$Holder.newInvokeSpecial(java.lang.Object, java.lang.Object, java.lang.Object, java.lang.Object, java.lang.Object, java.lang.Object, java.lang.Object, java.lang.Object)'> (0x00000000874fc098) 
thrown [t:\workspace\open\src\hotspot\share\interpreter\linkResolver.cpp, line 766]
Event: 3.319 Thread 0x0000016cd04e69f0 Exception <a 'sun/nio/fs/WindowsException'{0x0000000083d64fa8}> (0x0000000083d64fa8) 
thrown [t:\workspace\open\src\hotspot\share\prims\jni.cpp, line 516]
Event: 3.353 Thread 0x0000016cd04e69f0 Exception <a 'java/lang/IncompatibleClassChangeError'{0x0000000083ce6338}: Found class java.lang.Object, but interface was expected> (0x0000000083ce6338) 
thrown [t:\workspace\open\src\hotspot\share\interpreter\linkResolver.cpp, line 833]
Event: 3.387 Thread 0x0000016cd04e69f0 Exception <a 'java/lang/NoSuchMethodError'{0x0000000083a085e0}: 'void java.lang.invoke.DirectMethodHandle$Holder.invokeVirtual(java.lang.Object, java.lang.Object, long)'> (0x0000000083a085e0) 
thrown [t:\workspace\open\src\hotspot\share\interpreter\linkResolver.cpp, line 766]
Event: 3.452 Thread 0x0000016cd04e69f0 Exception <a 'java/lang/NoSuchMethodError'{0x00000000838da000}: 'int java.lang.invoke.DirectMethodHandle$Holder.invokeStaticInit(java.lang.Object, java.lang.Object, java.lang.Object, java.lang.Object)'> (0x00000000838da000) 
thrown [t:\workspace\open\src\hotspot\share\interpreter\linkResolver.cpp, line 766]
Event: 3.570 Thread 0x0000016cd04e69f0 Exception <a 'java/lang/NoSuchMethodError'{0x00000000875008b0}: 'java.lang.Object java.lang.invoke.DirectMethodHandle$Holder.newInvokeSpecial(java.lang.Object, java.lang.Object, int, java.lang.Object, java.lang.Object)'> (0x00000000875008b0) 
thrown [t:\workspace\open\src\hotspot\share\interpreter\linkResolver.cpp, line 766]
Event: 3.570 Thread 0x0000016cd04e69f0 Exception <a 'java/lang/NoSuchMethodError'{0x000000008750bf30}: 'java.lang.Object java.lang.invoke.DirectMethodHandle$Holder.invokeSpecial(java.lang.Object, java.lang.Object, int, java.lang.Object, int, java.lang.Object)'> (0x000000008750bf30) 
thrown [t:\workspace\open\src\hotspot\share\interpreter\linkResolver.cpp, line 766]
Event: 3.571 Thread 0x0000016cd04e69f0 Exception <a 'java/lang/NoSuchMethodError'{0x0000000087513d38}: 'java.lang.Object java.lang.invoke.DirectMethodHandle$Holder.newInvokeSpecial(java.lang.Object, java.lang.Object, int, java.lang.Object, int)'> (0x0000000087513d38) 
thrown [t:\workspace\open\src\hotspot\share\interpreter\linkResolver.cpp, line 766]
Event: 3.571 Thread 0x0000016cd04e69f0 Exception <a 'java/lang/NoSuchMethodError'{0x0000000087517e40}: 'java.lang.Object java.lang.invoke.DirectMethodHandle$Holder.invokeSpecial(java.lang.Object, java.lang.Object, java.lang.Object, int, java.lang.Object, int)'> (0x0000000087517e40) 
thrown [t:\workspace\open\src\hotspot\share\interpreter\linkResolver.cpp, line 766]
Event: 44.725 Thread 0x0000016cf47396a0 Exception <a 'java/lang/NoSuchMethodError'{0x00000000873df930}: 'java.lang.Object java.lang.invoke.DirectMethodHandle$Holder.invokeSpecial(java.lang.Object, java.lang.Object, java.lang.Object, java.lang.Object, java.lang.Object, long)'> (0x00000000873df930) 
thrown [t:\workspace\open\src\hotspot\share\interpreter\linkResolver.cpp, line 766]
Event: 44.726 Thread 0x0000016cf47396a0 Exception <a 'java/lang/NoSuchMethodError'{0x00000000873e3378}: 'java.lang.Object java.lang.invoke.Invokers$Holder.linkToTargetMethod(java.lang.Object, java.lang.Object, java.lang.Object, long, java.lang.Object)'> (0x00000000873e3378) 
thrown [t:\workspace\open\src\hotspot\share\interpreter\linkResolver.cpp, line 766]
Event: 44.794 Thread 0x0000016cf47396a0 Exception <a 'java/lang/NoSuchMethodError'{0x00000000871a7060}: 'java.lang.Object java.lang.invoke.DirectMethodHandle$Holder.invokeStatic(java.lang.Object, int, int)'> (0x00000000871a7060) 
thrown [t:\workspace\open\src\hotspot\share\interpreter\linkResolver.cpp, line 766]

VM Operations (20 events):
Event: 3.264 Executing VM operation: HandshakeAllThreads
Event: 3.264 Executing VM operation: HandshakeAllThreads done
Event: 3.373 Executing VM operation: HandshakeAllThreads
Event: 3.373 Executing VM operation: HandshakeAllThreads done
Event: 3.378 Executing VM operation: ICBufferFull
Event: 3.378 Executing VM operation: ICBufferFull done
Event: 3.408 Executing VM operation: HandshakeAllThreads
Event: 3.408 Executing VM operation: HandshakeAllThreads done
Event: 3.532 Executing VM operation: G1CollectForAllocation
Event: 3.536 Executing VM operation: G1CollectForAllocation done
Event: 4.543 Executing VM operation: Cleanup
Event: 4.543 Executing VM operation: Cleanup done
Event: 13.612 Executing VM operation: Cleanup
Event: 13.612 Executing VM operation: Cleanup done
Event: 21.694 Executing VM operation: Cleanup
Event: 21.694 Executing VM operation: Cleanup done
Event: 44.745 Executing VM operation: HandshakeAllThreads
Event: 44.745 Executing VM operation: HandshakeAllThreads done
Event: 44.745 Executing VM operation: Cleanup
Event: 44.745 Executing VM operation: Cleanup done

Events (20 events):
Event: 2.845 Loaded shared library C:\Program Files\Java\jdk-18\bin\management.dll
Event: 2.848 Loaded shared library C:\Program Files\Java\jdk-18\bin\management_ext.dll
Event: 3.032 Thread 0x0000016cf3e62020 Thread added: 0x0000016cf3e62020
Event: 3.034 Thread 0x0000016cf3ef64d0 Thread added: 0x0000016cf3ef64d0
Event: 3.036 Thread 0x0000016cf47396a0 Thread added: 0x0000016cf47396a0
Event: 3.036 Thread 0x0000016cf4393070 Thread added: 0x0000016cf4393070
Event: 3.036 Thread 0x0000016cf32dbd10 Thread added: 0x0000016cf32dbd10
Event: 3.036 Thread 0x0000016cf3d3a250 Thread added: 0x0000016cf3d3a250
Event: 3.036 Thread 0x0000016cf3d39d80 Thread added: 0x0000016cf3d39d80
Event: 3.036 Thread 0x0000016cf3d3abf0 Thread added: 0x0000016cf3d3abf0
Event: 3.036 Thread 0x0000016cf3d380a0 Thread added: 0x0000016cf3d380a0
Event: 3.036 Thread 0x0000016cf3d393e0 Thread added: 0x0000016cf3d393e0
Event: 3.037 Thread 0x0000016cf3d38570 Thread added: 0x0000016cf3d38570
Event: 3.037 Thread 0x0000016cf3d3b590 Thread added: 0x0000016cf3d3b590
Event: 3.059 Thread 0x0000016cf3d398b0 Thread added: 0x0000016cf3d398b0
Event: 3.593 Thread 0x0000016cf3d3a720 Thread added: 0x0000016cf3d3a720
Event: 3.594 Thread 0x0000016cf3d38a40 Thread added: 0x0000016cf3d38a40
Event: 3.631 Thread 0x0000016cd04e69f0 Thread exited: 0x0000016cd04e69f0
Event: 3.632 Thread 0x0000016cf3d3b0c0 Thread added: 0x0000016cf3d3b0c0
Event: 8.653 Thread 0x0000016cf2e67050 Thread exited: 0x0000016cf2e67050


Dynamic libraries:
0x00007ff6af1f0000 - 0x00007ff6af200000 	C:\Program Files\Java\jdk-18\bin\java.exe
0x00007ffe77070000 - 0x00007ffe77268000 	C:\WINDOWS\SYSTEM32\ntdll.dll
0x00007ffe76f70000 - 0x00007ffe7702d000 	C:\WINDOWS\System32\KERNEL32.DLL
0x00007ffe748f0000 - 0x00007ffe74be6000 	C:\WINDOWS\System32\KERNELBASE.dll
0x00007ffe74e30000 - 0x00007ffe74f30000 	C:\WINDOWS\System32\ucrtbase.dll
0x00007ffe699b0000 - 0x00007ffe699c8000 	C:\Program Files\Java\jdk-18\bin\jli.dll
0x00007ffe699d0000 - 0x00007ffe699ea000 	C:\Program Files\Java\jdk-18\bin\VCRUNTIME140.dll
0x00007ffe76ec0000 - 0x00007ffe76f70000 	C:\WINDOWS\System32\ADVAPI32.dll
0x00007ffe76e20000 - 0x00007ffe76ebe000 	C:\WINDOWS\System32\msvcrt.dll
0x00007ffe765f0000 - 0x00007ffe76690000 	C:\WINDOWS\System32\sechost.dll
0x00007ffe750a0000 - 0x00007ffe751c3000 	C:\WINDOWS\System32\RPCRT4.dll
0x00007ffe74850000 - 0x00007ffe74877000 	C:\WINDOWS\System32\bcrypt.dll
0x00007ffe76be0000 - 0x00007ffe76d7f000 	C:\WINDOWS\System32\USER32.dll
0x00007ffe74e00000 - 0x00007ffe74e22000 	C:\WINDOWS\System32\win32u.dll
0x00007ffe75b50000 - 0x00007ffe75b7b000 	C:\WINDOWS\System32\GDI32.dll
0x00007ffe74f80000 - 0x00007ffe75097000 	C:\WINDOWS\System32\gdi32full.dll
0x00007ffe747b0000 - 0x00007ffe7484d000 	C:\WINDOWS\System32\msvcp_win.dll
0x00007ffe61520000 - 0x00007ffe617ba000 	C:\WINDOWS\WinSxS\amd64_microsoft.windows.common-controls_6595b64144ccf1df_6.0.19041.4355_none_60b8b9eb71f62e16\COMCTL32.dll
0x00007ffe6d490000 - 0x00007ffe6d49a000 	C:\WINDOWS\SYSTEM32\VERSION.dll
0x00007ffe76de0000 - 0x00007ffe76e12000 	C:\WINDOWS\System32\IMM32.DLL
0x00007ffe699a0000 - 0x00007ffe699ac000 	C:\Program Files\Java\jdk-18\bin\vcruntime140_1.dll
0x00007ffe3afc0000 - 0x00007ffe3b04d000 	C:\Program Files\Java\jdk-18\bin\msvcp140.dll
0x00007ffe234b0000 - 0x00007ffe240c1000 	C:\Program Files\Java\jdk-18\bin\server\jvm.dll
0x00007ffe76580000 - 0x00007ffe76588000 	C:\WINDOWS\System32\PSAPI.DLL
0x00007ffe6fe70000 - 0x00007ffe6fe79000 	C:\WINDOWS\SYSTEM32\WSOCK32.dll
0x00007ffe76510000 - 0x00007ffe7657b000 	C:\WINDOWS\System32\WS2_32.dll
0x00007ffe5bff0000 - 0x00007ffe5c017000 	C:\WINDOWS\SYSTEM32\WINMM.dll
0x00007ffe72f30000 - 0x00007ffe72f42000 	C:\WINDOWS\SYSTEM32\kernel.appcore.dll
0x00007ffe609e0000 - 0x00007ffe609ea000 	C:\Program Files\Java\jdk-18\bin\jimage.dll
0x00007ffe72490000 - 0x00007ffe72674000 	C:\WINDOWS\SYSTEM32\DBGHELP.DLL
0x00007ffe5fdf0000 - 0x00007ffe5fe24000 	C:\WINDOWS\SYSTEM32\dbgcore.DLL
0x00007ffe74720000 - 0x00007ffe747a2000 	C:\WINDOWS\System32\bcryptPrimitives.dll
0x00007ffe6e5a0000 - 0x00007ffe6e5ae000 	C:\Program Files\Java\jdk-18\bin\instrument.dll
0x00007ffe609b0000 - 0x00007ffe609d5000 	C:\Program Files\Java\jdk-18\bin\java.dll
0x00007ffe3aee0000 - 0x00007ffe3afb6000 	C:\Program Files\Java\jdk-18\bin\jsvml.dll
0x00007ffe753e0000 - 0x00007ffe75b4b000 	C:\WINDOWS\System32\SHELL32.dll
0x00007ffe72780000 - 0x00007ffe72f1d000 	C:\WINDOWS\SYSTEM32\windows.storage.dll
0x00007ffe767c0000 - 0x00007ffe76b13000 	C:\WINDOWS\System32\combase.dll
0x00007ffe74140000 - 0x00007ffe7416e000 	C:\WINDOWS\SYSTEM32\Wldp.dll
0x00007ffe752b0000 - 0x00007ffe7537d000 	C:\WINDOWS\System32\OLEAUT32.dll
0x00007ffe76b30000 - 0x00007ffe76bdd000 	C:\WINDOWS\System32\SHCORE.dll
0x00007ffe76590000 - 0x00007ffe765e5000 	C:\WINDOWS\System32\shlwapi.dll
0x00007ffe74650000 - 0x00007ffe74674000 	C:\WINDOWS\SYSTEM32\profapi.dll
0x00007ffe3b080000 - 0x00007ffe3b098000 	C:\Program Files\Java\jdk-18\bin\zip.dll
0x00007ffe3b0c0000 - 0x00007ffe3b0d3000 	C:\Program Files\Java\jdk-18\bin\net.dll
0x00007ffe6a5c0000 - 0x00007ffe6a6ca000 	C:\WINDOWS\SYSTEM32\WINHTTP.dll
0x00007ffe73ea0000 - 0x00007ffe73f0a000 	C:\WINDOWS\system32\mswsock.dll
0x00007ffe3b0a0000 - 0x00007ffe3b0b6000 	C:\Program Files\Java\jdk-18\bin\nio.dll
0x00007ffe5f850000 - 0x00007ffe5f86a000 	C:\Program Files\JetBrains\IntelliJ IDEA Community Edition 2023.2.1\bin\breakgen64.dll
0x00007ffe5fc00000 - 0x00007ffe5fc0e000 	C:\Program Files\Java\jdk-18\bin\sunmscapi.dll
0x00007ffe74bf0000 - 0x00007ffe74d4e000 	C:\WINDOWS\System32\CRYPT32.dll
0x00007ffe741b0000 - 0x00007ffe741d9000 	C:\WINDOWS\SYSTEM32\ncrypt.dll
0x00007ffe74170000 - 0x00007ffe741ab000 	C:\WINDOWS\SYSTEM32\NTASN1.dll
0x00007ffe74090000 - 0x00007ffe740a8000 	C:\WINDOWS\SYSTEM32\CRYPTSP.dll
0x00007ffe73750000 - 0x00007ffe73784000 	C:\WINDOWS\system32\rsaenh.dll
0x00007ffe74600000 - 0x00007ffe7462e000 	C:\WINDOWS\SYSTEM32\USERENV.dll
0x00007ffe740b0000 - 0x00007ffe740bc000 	C:\WINDOWS\SYSTEM32\CRYPTBASE.dll
0x00007ffe73b30000 - 0x00007ffe73b6b000 	C:\WINDOWS\SYSTEM32\IPHLPAPI.DLL
0x00007ffe75cb0000 - 0x00007ffe75cb8000 	C:\WINDOWS\System32\NSI.dll
0x00007ffe6ce40000 - 0x00007ffe6ce57000 	C:\WINDOWS\SYSTEM32\dhcpcsvc6.DLL
0x00007ffe6cea0000 - 0x00007ffe6cebd000 	C:\WINDOWS\SYSTEM32\dhcpcsvc.DLL
0x00007ffe73b80000 - 0x00007ffe73c4b000 	C:\WINDOWS\SYSTEM32\DNSAPI.dll
0x00007ffe5e800000 - 0x00007ffe5e809000 	C:\Program Files\Java\jdk-18\bin\management.dll
0x00007ffe5e490000 - 0x00007ffe5e49b000 	C:\Program Files\Java\jdk-18\bin\management_ext.dll

dbghelp: loaded successfully - version: 4.0.5 - missing functions: none
symbol engine: initialized successfully - sym options: 0x614 - pdb path: .;C:\Program Files\Java\jdk-18\bin;C:\WINDOWS\SYSTEM32;C:\WINDOWS\WinSxS\amd64_microsoft.windows.common-controls_6595b64144ccf1df_6.0.19041.4355_none_60b8b9eb71f62e16;C:\Program Files\Java\jdk-18\bin\server;C:\Program Files\JetBrains\IntelliJ IDEA Community Edition 2023.2.1\bin

VM Arguments:
jvm_args: -javaagent:C:\Program Files\JetBrains\IntelliJ IDEA Community Edition 2023.2.1\lib\idea_rt.jar=50729:C:\Program Files\JetBrains\IntelliJ IDEA Community Edition 2023.2.1\bin -Dfile.encoding=windows-1251 -Dsun.stdout.encoding=windows-1251 -Dsun.stderr.encoding=windows-1251 
java_command: ru.istomin.lesson4.Lesson4Application
java_class_path (initial): C:\Users\Admin\Desktop\Java Spring\Lesson\Lesson4\lesson\lesson4\target\classes;C:\Users\Admin\.m2\repository\org\springframework\boot\spring-boot-starter-thymeleaf\3.3.0\spring-boot-starter-thymeleaf-3.3.0.jar;C:\Users\Admin\.m2\repository\org\springframework\boot\spring-boot-starter\3.3.0\spring-boot-starter-3.3.0.jar;C:\Users\Admin\.m2\repository\org\springframework\boot\spring-boot\3.3.0\spring-boot-3.3.0.jar;C:\Users\Admin\.m2\repository\org\springframework\boot\spring-boot-autoconfigure\3.3.0\spring-boot-autoconfigure-3.3.0.jar;C:\Users\Admin\.m2\repository\org\springframework\boot\spring-boot-starter-logging\3.3.0\spring-boot-starter-logging-3.3.0.jar;C:\Users\Admin\.m2\repository\ch\qos\logback\logback-classic\1.5.6\logback-classic-1.5.6.jar;C:\Users\Admin\.m2\repository\ch\qos\logback\logback-core\1.5.6\logback-core-1.5.6.jar;C:\Users\Admin\.m2\repository\org\apache\logging\log4j\log4j-to-slf4j\2.23.1\log4j-to-slf4j-2.23.1.jar;C:\Users\Admin\.m2\repository\org\apache\logging\log4j\log4j-api\2.23.1\log4j-api-2.23.1.jar;C:\Users\Admin\.m2\repository\org\slf4j\jul-to-slf4j\2.0.13\jul-to-slf4j-2.0.13.jar;C:\Users\Admin\.m2\repository\jakarta\annotation\jakarta.annotation-api\2.1.1\jakarta.annotation-api-2.1.1.jar;C:\Users\Admin\.m2\repository\org\yaml\snakeyaml\2.2\snakeyaml-2.2.jar;C:\Users\Admin\.m2\repository\org\thymeleaf\thymeleaf-spring6\3.1.2.RELEASE\thymeleaf-spring6-3.1.2.RELEASE.jar;C:\Users\Admin\.m2\repository\org\thymeleaf\thymeleaf\3.1.2.RELEASE\thymeleaf-3.1.2.RELEASE.jar;C:\Users\Admin\.m2\repository\org\attoparser\attoparser\2.0.7.RELEASE\attoparser-2.0.7.RELEASE.jar;C:\Users\Admin\.m2\repository\org\unbescape\unbescape\1.1.6.RELEASE\unbescape-1.1.6.RELEASE.jar;C:\Users\Admin\.m2\repository\org\slf4j\slf4j-api\2.0.13\slf4j-api-2.0.13.jar;C:\Users\Admin\.m2\repository\org\springframework\boot\spring-boot-starter-web\3.3.0\spring-boot-starter-web-3.3.0.jar;C:\Users\Admin\.m2\repository\org\springframework\boot\spring-boot-starter-json\3.3.0\spring-boot-starter-json-3.3.0.jar;C:\Users\Admin\.m2\repository\com\fasterxml\jackson\core\jackson-databind\2.17.1\jackson-databind-2.17.1.jar;C:\Users\Admin\.m2\repository\com\fasterxml\jackson\core\jackson-annotations\2.17.1\jackson-annotations-2.17.1.jar;C:\Users\Admin\.m2\repository\com\fasterxml\jackson\core\jackson-core\2.17.1\jackson-core-2.17.1.jar;C:\Users\Admin\.m2\repository\com\fasterxml\jackson\datatype\jackson-datatype-jdk8\2.17.1\jackson-datatype-jdk8-2.17.1.jar;C:\Users\Admin\.m2\repository\com\fasterxml\jackson\datatype\jackson-datatype-jsr310\2.17.1\jackson-datatype-jsr310-2.17.1.jar;C:\Users\Admin\.m2\repository\com\fasterxml\jackson\module\jackson-module-parameter-names\2.17.1\jackson-module-parameter-names-2.17.1.jar;C:\Users\Admin\.m2\repository\org\springframework\boot\spring-boot-starter-tomcat\3.3.0\spring-boot-starter-tomcat-3.3.0.jar;C:\Users\Admin\.m2\repository\org\apache\tomcat\embed\tomcat-embed-core\10.1.24\tomcat-embed-core-10.1.24.jar;C:\Users\Admin\.m2\repository\org\apache\tomcat\embed\tomcat-embed-el\10.1.24\tomcat-embed-el-10.1.24.jar;C:\Users\Admin\.m2\repository\org\apache\tomcat\embed\tomcat-embed-websocket\10.1.24\tomcat-embed-websocket-10.1.24.jar;C:\Users\Admin\.m2\repository\org\springframework\spring-web\6.1.8\spring-web-6.1.8.jar;C:\Users\Admin\.m2\repository\org\springframework\spring-beans\6.1.8\spring-beans-6.1.8.jar;C:\Users\Admin\.m2\repository\io\micrometer\micrometer-observation\1.13.0\micrometer-observation-1.13.0.jar;C:\Users\Admin\.m2\repository\io\micrometer\micrometer-commons\1.13.0\micrometer-commons-1.13.0.jar;C:\Users\Admin\.m2\repository\org\springframework\spring-webmvc\6.1.8\spring-webmvc-6.1.8.jar;C:\Users\Admin\.m2\repository\org\springframework\spring-aop\6.1.8\spring-aop-6.1.8.jar;C:\Users\Admin\.m2\repository\org\springframework\spring-context\6.1.8\spring-context-6.1.8.jar;C:\Users\Admin\.m2\repository\org\springframework\spring-expression\6.1.8\spring-expression-6.1.8.jar;C:\Users\Admin\.m2\repository\org\springframework\spring-core\6.1.8\spring-core-6.1.8.jar;C:\Users\Admin\.m2\repository\org\springframework\spring-jcl\6.1.8\spring-jcl-6.1.8.jar
Launcher Type: SUN_STANDARD

[Global flags]
     intx CICompilerCount                          = 3                                         {product} {ergonomic}
     uint ConcGCThreads                            = 1                                         {product} {ergonomic}
     uint G1ConcRefinementThreads                  = 4                                         {product} {ergonomic}
   size_t G1HeapRegionSize                         = 1048576                                   {product} {ergonomic}
    uintx GCDrainStackTargetSize                   = 64                                        {product} {ergonomic}
   size_t InitialHeapSize                          = 134217728                                 {product} {ergonomic}
   size_t MarkStackSize                            = 4194304                                   {product} {ergonomic}
   size_t MaxHeapSize                              = 2116026368                                {product} {ergonomic}
   size_t MaxNewSize                               = 1268776960                                {product} {ergonomic}
   size_t MinHeapDeltaBytes                        = 1048576                                   {product} {ergonomic}
   size_t MinHeapSize                              = 8388608                                   {product} {ergonomic}
    uintx NonNMethodCodeHeapSize                   = 5832780                                {pd product} {ergonomic}
    uintx NonProfiledCodeHeapSize                  = 122912730                              {pd product} {ergonomic}
    uintx ProfiledCodeHeapSize                     = 122912730                              {pd product} {ergonomic}
    uintx ReservedCodeCacheSize                    = 251658240                              {pd product} {ergonomic}
     bool SegmentedCodeCache                       = true                                      {product} {ergonomic}
   size_t SoftMaxHeapSize                          = 2116026368                             {manageable} {ergonomic}
     bool UseCompressedClassPointers               = true                           {product lp64_product} {ergonomic}
     bool UseCompressedOops                        = true                           {product lp64_product} {ergonomic}
     bool UseG1GC                                  = true                                      {product} {ergonomic}
     bool UseLargePagesIndividualAllocation        = false                                  {pd product} {ergonomic}

Logging:
Log output configuration:
 #0: stdout all=warning uptime,level,tags foldmultilines=false
 #1: stderr all=off uptime,level,tags foldmultilines=false

Environment Variables:
JAVA_HOME=C:\Program Files\Java\jdk-20
PATH=C:\Program Files\Common Files\Oracle\Java\javapath;C:\WINDOWS\system32;C:\WINDOWS;C:\WINDOWS\System32\Wbem;C:\WINDOWS\System32\WindowsPowerShell\v1.0\;C:\WINDOWS\System32\OpenSSH\;C:\Program Files\Java\jdk-17.0.2\bin;C:\Program Files\Git\cmd;C:\Program Files\dotnet\;C:\Program Files\apache-maven-3.9.6\bin;C:\Program Files\maven\apache-maven-3.9.6\bin;%JAVA_HOME%\bin;C:\Users\Admin\AppData\Local\Programs\Python\Python311\Scripts\;C:\Users\Admin\AppData\Local\Programs\Python\Python311\;C:\Program Files\MySQL\MySQL Shell 8.0\bin\;"C:\Users\Admin\AppData\Local\Microsoft\WindowsApps;C:\Program Files\Java\jdk-17.0.2\bin";C:\Users\Admin\AppData\Local\gitkraken\bin;C:\Users\Admin\AppData\Local\Programs\Microsoft VS Code\bin;C:\Users\Admin\.dotnet\tools
USERNAME=Admin
OS=Windows_NT
PROCESSOR_IDENTIFIER=Intel64 Family 6 Model 142 Stepping 10, GenuineIntel



---------------  S Y S T E M  ---------------

OS:
 Windows 10 , 64 bit Build 19041 (10.0.19041.3636)
OS uptime: 0 days 1:28 hours

CPU: total 4 (initial active 4) (2 cores per cpu, 2 threads per core) family 6 model 142 stepping 10 microcode 0xb4, cx8, cmov, fxsr, ht, mmx, 3dnowpref, sse, sse2, sse3, ssse3, sse4.1, sse4.2, popcnt, lzcnt, tsc, tscinvbit, avx, avx2, aes, erms, clmul, bmi1, bmi2, adx, fma, vzeroupper, clflush, clflushopt

Memory: 4k page, system-wide physical 8071M (1674M free)
TotalPageFile size 8871M (AvailPageFile size 5M)
current process WorkingSet (physical memory assigned to process): 136M, peak: 159M
current process commit charge ("private bytes"): 193M, peak: 254M

vm_info: Java HotSpot(TM) 64-Bit Server VM (18+36-2087) for windows-amd64 JRE (18+36-2087), built on Feb 15 2022 09:43:11 by "mach5one" with MS VC++ 16.8 / 16.9 (VS2019)

END.
